Change Component Footprint: Designator=RN1 Old Footprint=0603*4 反 New Footprint=0603*4
Change Component Footprint: Designator=RN2 Old Footprint=0603*4 反 New Footprint=0603*4
Change Component Footprint: Designator=RN3 Old Footprint=0603*4 反 New Footprint=0603*4
Change Component Footprint: Designator=RN4 Old Footprint=0603*4 反 New Footprint=0603*4
Change Component Footprint: Designator=RN5 Old Footprint=0603*4 反 New Footprint=0603*4
Change Component Footprint: Designator=RN6 Old Footprint=0603*4 反 New Footprint=0603*4
Change Component Footprint: Designator=RN7 Old Footprint=0603*4 反 New Footprint=0603*4
Change Component Footprint: Designator=RN8 Old Footprint=0603*4 反 New Footprint=0603*4
Change Component Footprint: Designator=T3 Old Footprint=1117 New Footprint=SOT-223
Change Component Footprint: Designator=T4 Old Footprint=1117 New Footprint=SOT-223
Change Component Footprint: Designator=U4 Old Footprint=FPGA 208 New Footprint=FPGA208
Change Component Footprint: Designator=P1 Old Footprint=HDR1X2 New Footprint=SIP2
Change Component Footprint: Designator=P2 Old Footprint=HDR2X5 New Footprint=IDC5
Change Component Footprint: Designator=P4 Old Footprint=HDR2X5 New Footprint=IDC5
Change Component Footprint: Designator=P6 Old Footprint=HDR2X15 New Footprint=IDC15
Change Component Footprint: Designator=P7 Old Footprint=JTAG 2.45*2 单面 New Footprint=SIP2-T0
Change Component Footprint: Designator=P3 Old Footprint=JTAG 2.45*3 单面 New Footprint=SIP3-T0
Change Component Footprint: Designator=P5 Old Footprint=JTAG 2.45*4 单面 New Footprint=SIP4-T0
Change Component Footprint: Designator=PP1 Old Footprint=JTAG 2.45*4 单面 New Footprint=SIP4-T0
Change Component Footprint: Designator=PP2 Old Footprint=JTAG 2.45*4 单面 New Footprint=SIP4-T0
Change Component Footprint: Designator=K1 Old Footprint=K2贴片 - duplicate1 New Footprint=k1
Change Component Footprint: Designator=Y1 Old Footprint=XTAL 7050 New Footprint=晶振7050
Change Component Footprint: Designator=Y2 Old Footprint=XTAL New Footprint=晶振-1
Change Component Footprint: Designator=J1 Old Footprint=电源DC插座5.4mm - duplicate New Footprint=DS-3
Added Room: Name=Sheet1
