Added Component: Designator=C81(0603)
Added Component: Designator=C86(0603)
Added Component: Designator=C87(0603)
Added Component: Designator=C88(0603)
Added Component: Designator=C89(0603)
Added Component: Designator=C90(0603)
Added Component: Designator=C91(0603)
Added Component: Designator=C94(0603)
Added Component: Designator=C95(0603)
Added Component: Designator=C96(0603)
Added Component: Designator=C98(0603)
Added Component: Designator=C99(0603)
Added Component: Designator=C101(0603)
Added Component: Designator=C102(0603)
Added Component: Designator=C103(0805C)
Added Component: Designator=C104(0805C)
Added Component: Designator=C105(0805C)
Added Component: Designator=C106(0805C)
Added Component: Designator=C107(0805C)
Added Component: Designator=C108(0805C)
Added Component: Designator=C109(0805C)
Added Component: Designator=C110(0805C)
Added Component: Designator=C111(0805C)
Added Component: Designator=C112(0805C)
Added Component: Designator=C113(0805C)
Added Component: Designator=C114(0805C)
Added Component: Designator=C115(0805C)
Added Component: Designator=C116(0805C)
Added Component: Designator=C117(0805C)
Added Component: Designator=C118(0805C)
Added Component: Designator=C119(0805C)
Added Component: Designator=C120(0805C)
Added Component: Designator=C121(0805C)
Added Component: Designator=C122(0805C)
Added Component: Designator=C123(0805C)
Added Component: Designator=C124(0805C)
Added Component: Designator=C125(0805C)
Added Component: Designator=C126(0805C)
Added Component: Designator=C127(0805C)
Added Component: Designator=C128(0805C)
Added Component: Designator=C129(0805C)
Added Component: Designator=C130(0805C)
Added Pin To Net: NetName=GND Pin=C81-1
Added Pin To Net: NetName=VCC1_2 Pin=C81-2
Added Pin To Net: NetName=GND Pin=C86-1
Added Pin To Net: NetName=VCC1_2 Pin=C86-2
Added Pin To Net: NetName=GND Pin=C87-1
Added Pin To Net: NetName=VCC1_2 Pin=C87-2
Added Pin To Net: NetName=GND Pin=C88-1
Added Pin To Net: NetName=VCC1_2 Pin=C88-2
Added Pin To Net: NetName=GND Pin=C89-1
Added Pin To Net: NetName=VCC1_2 Pin=C89-2
Added Pin To Net: NetName=GND Pin=C90-1
Added Pin To Net: NetName=VCC1_2 Pin=C90-2
Added Pin To Net: NetName=GND Pin=C91-1
Added Pin To Net: NetName=VCC1_2 Pin=C91-2
Added Pin To Net: NetName=GND Pin=C94-1
Added Pin To Net: NetName=VCC1_2 Pin=C94-2
Added Pin To Net: NetName=GND Pin=C95-1
Added Pin To Net: NetName=VCC1_2 Pin=C95-2
Added Pin To Net: NetName=GND Pin=C96-1
Added Pin To Net: NetName=VCC1_2 Pin=C96-2
Added Pin To Net: NetName=GND Pin=C98-1
Added Pin To Net: NetName=VCC1_2 Pin=C98-2
Added Pin To Net: NetName=GND Pin=C99-1
Added Pin To Net: NetName=VCC1_2 Pin=C99-2
Added Pin To Net: NetName=GND Pin=C101-1
Added Pin To Net: NetName=VCC1_2 Pin=C101-2
Added Pin To Net: NetName=GND Pin=C102-1
Added Pin To Net: NetName=VCC1_2 Pin=C102-2
Added Pin To Net: NetName=GND Pin=C103-1
Added Pin To Net: NetName=VCC3_3 Pin=C103-2
Added Pin To Net: NetName=GND Pin=C104-1
Added Pin To Net: NetName=VCC3_3 Pin=C104-2
Added Pin To Net: NetName=GND Pin=C105-1
Added Pin To Net: NetName=VCC3_3 Pin=C105-2
Added Pin To Net: NetName=GND Pin=C106-1
Added Pin To Net: NetName=VCC3_3 Pin=C106-2
Added Pin To Net: NetName=GND Pin=C107-1
Added Pin To Net: NetName=VCC3_3 Pin=C107-2
Added Pin To Net: NetName=GND Pin=C108-1
Added Pin To Net: NetName=VCC3_3 Pin=C108-2
Added Pin To Net: NetName=GND Pin=C109-1
Added Pin To Net: NetName=VCC3_3 Pin=C109-2
Added Pin To Net: NetName=GND Pin=C110-1
Added Pin To Net: NetName=VCC3_3 Pin=C110-2
Added Pin To Net: NetName=GND Pin=C111-1
Added Pin To Net: NetName=VCC3_3 Pin=C111-2
Added Pin To Net: NetName=GND Pin=C112-1
Added Pin To Net: NetName=VCC3_3 Pin=C112-2
Added Pin To Net: NetName=GND Pin=C113-1
Added Pin To Net: NetName=VCC3_3 Pin=C113-2
Added Pin To Net: NetName=GND Pin=C114-1
Added Pin To Net: NetName=VCC3_3 Pin=C114-2
Added Pin To Net: NetName=GND Pin=C115-1
Added Pin To Net: NetName=VCC3_3 Pin=C115-2
Added Pin To Net: NetName=GND Pin=C116-1
Added Pin To Net: NetName=VCC3_3 Pin=C116-2
Added Pin To Net: NetName=GND Pin=C117-1
Added Pin To Net: NetName=VCC3_3 Pin=C117-2
Added Pin To Net: NetName=GND Pin=C118-1
Added Pin To Net: NetName=VCC3_3 Pin=C118-2
Added Pin To Net: NetName=GND Pin=C119-1
Added Pin To Net: NetName=VCC3_3 Pin=C119-2
Added Pin To Net: NetName=GND Pin=C120-1
Added Pin To Net: NetName=VCC3_3 Pin=C120-2
Added Pin To Net: NetName=GND Pin=C121-1
Added Pin To Net: NetName=VCC3_3 Pin=C121-2
Added Pin To Net: NetName=GND Pin=C122-1
Added Pin To Net: NetName=VCC3_3 Pin=C122-2
Added Pin To Net: NetName=GND Pin=C123-1
Added Pin To Net: NetName=VCC3_3 Pin=C123-2
Added Pin To Net: NetName=GND Pin=C124-1
Added Pin To Net: NetName=VCC3_3 Pin=C124-2
Added Pin To Net: NetName=GND Pin=C125-1
Added Pin To Net: NetName=VCC3_3 Pin=C125-2
Added Pin To Net: NetName=GND Pin=C126-1
Added Pin To Net: NetName=VCC3_3 Pin=C126-2
Added Pin To Net: NetName=GND Pin=C127-1
Added Pin To Net: NetName=VCC3_3 Pin=C127-2
Added Pin To Net: NetName=GND Pin=C128-1
Added Pin To Net: NetName=VCC3_3 Pin=C128-2
Added Pin To Net: NetName=GND Pin=C129-1
Added Pin To Net: NetName=VCC3_3 Pin=C129-2
Added Pin To Net: NetName=GND Pin=C130-1
Added Pin To Net: NetName=VCC3_3 Pin=C130-2
Added Member To Class: ClassName=Sheet1 Member=Component C81 Cap
Added Member To Class: ClassName=Sheet1 Member=Component C86 Cap
Added Member To Class: ClassName=Sheet1 Member=Component C87 Cap
Added Member To Class: ClassName=Sheet1 Member=Component C88 Cap
Added Member To Class: ClassName=Sheet1 Member=Component C89 Cap
Added Member To Class: ClassName=Sheet1 Member=Component C90 Cap
Added Member To Class: ClassName=Sheet1 Member=Component C91 Cap
Added Member To Class: ClassName=Sheet1 Member=Component C94 Cap
Added Member To Class: ClassName=Sheet1 Member=Component C95 Cap
Added Member To Class: ClassName=Sheet1 Member=Component C96 Cap
Added Member To Class: ClassName=Sheet1 Member=Component C98 Cap
Added Member To Class: ClassName=Sheet1 Member=Component C99 Cap
Added Member To Class: ClassName=Sheet1 Member=Component C101 Cap
Added Member To Class: ClassName=Sheet1 Member=Component C102 Cap
Added Member To Class: ClassName=Sheet1 Member=Component C103 Cap
Added Member To Class: ClassName=Sheet1 Member=Component C104 Cap
Added Member To Class: ClassName=Sheet1 Member=Component C105 Cap
Added Member To Class: ClassName=Sheet1 Member=Component C106 Cap
Added Member To Class: ClassName=Sheet1 Member=Component C107 Cap
Added Member To Class: ClassName=Sheet1 Member=Component C108 Cap
Added Member To Class: ClassName=Sheet1 Member=Component C109 Cap
Added Member To Class: ClassName=Sheet1 Member=Component C110 Cap
Added Member To Class: ClassName=Sheet1 Member=Component C111 Cap
Added Member To Class: ClassName=Sheet1 Member=Component C112 Cap
Added Member To Class: ClassName=Sheet1 Member=Component C113 Cap
Added Member To Class: ClassName=Sheet1 Member=Component C114 Cap
Added Member To Class: ClassName=Sheet1 Member=Component C115 Cap
Added Member To Class: ClassName=Sheet1 Member=Component C116 Cap
Added Member To Class: ClassName=Sheet1 Member=Component C117 Cap
Added Member To Class: ClassName=Sheet1 Member=Component C118 Cap
Added Member To Class: ClassName=Sheet1 Member=Component C119 Cap
Added Member To Class: ClassName=Sheet1 Member=Component C120 Cap
Added Member To Class: ClassName=Sheet1 Member=Component C121 Cap
Added Member To Class: ClassName=Sheet1 Member=Component C122 Cap
Added Member To Class: ClassName=Sheet1 Member=Component C123 Cap
Added Member To Class: ClassName=Sheet1 Member=Component C124 Cap
Added Member To Class: ClassName=Sheet1 Member=Component C125 Cap
Added Member To Class: ClassName=Sheet1 Member=Component C126 Cap
Added Member To Class: ClassName=Sheet1 Member=Component C127 Cap
Added Member To Class: ClassName=Sheet1 Member=Component C128 Cap
Added Member To Class: ClassName=Sheet1 Member=Component C129 Cap
Added Member To Class: ClassName=Sheet1 Member=Component C130 Cap
Added Room: Name=Sheet1
