Added Component: Designator=C1(0805C)
Added Component: Designator=C2(1206)
Added Component: Designator=C3(1206)
Added Component: Designator=C4(0805C)
Added Component: Designator=C5(0805C)
Added Component: Designator=C6(0805C)
Added Component: Designator=C7(1206)
Added Component: Designator=C8(0805C)
Added Component: Designator=C9(0805C)
Added Component: Designator=C10(0805C)
Added Component: Designator=C11(0805C)
Added Component: Designator=C12(1206)
Added Component: Designator=C13(0805C)
Added Component: Designator=C14(0805C)
Added Component: Designator=C15(0805C)
Added Component: Designator=C16(0805C)
Added Component: Designator=C17(0805C)
Added Component: Designator=C18(0805C)
Added Component: Designator=C19(0805C)
Added Component: Designator=C20(0805C)
Added Component: Designator=C21(0805C)
Added Component: Designator=C22(0805C)
Added Component: Designator=C23(1206)
Added Component: Designator=C24(0805C)
Added Component: Designator=C25(0805C)
Added Component: Designator=C26(0805C)
Added Component: Designator=C27(1206)
Added Component: Designator=C28(0805C)
Added Component: Designator=C29(0805C)
Added Component: Designator=C30(0805C)
Added Component: Designator=C31(0805C)
Added Component: Designator=C32(0805C)
Added Component: Designator=C33(0805C)
Added Component: Designator=C34(1206)
Added Component: Designator=C35(0805C)
Added Component: Designator=C36(0805C)
Added Component: Designator=C37(1206)
Added Component: Designator=C38(0805C)
Added Component: Designator=C39(1206)
Added Component: Designator=C40(0805C)
Added Component: Designator=C41(0805C)
Added Component: Designator=C42(0805C)
Added Component: Designator=C43(0805C)
Added Component: Designator=C44(1206)
Added Component: Designator=C45(0805C)
Added Component: Designator=C46(0805C)
Added Component: Designator=C47(1206)
Added Component: Designator=C48(0805C)
Added Component: Designator=C49(1206)
Added Component: Designator=C50(1206)
Added Component: Designator=C51(0805C)
Added Component: Designator=C52(0805C)
Added Component: Designator=C53(0805C)
Added Component: Designator=C54(0805C)
Added Component: Designator=C55(0805C)
Added Component: Designator=C56(0805C)
Added Component: Designator=C57(0805C)
Added Component: Designator=C58(0805C)
Added Component: Designator=C59(0805C)
Added Component: Designator=C60(0805C)
Added Component: Designator=C61(0805C)
Added Component: Designator=C62(1206)
Added Component: Designator=C63(0805C)
Added Component: Designator=C64(0805C)
Added Component: Designator=C65(0805C)
Added Component: Designator=C66(0805C)
Added Component: Designator=C67(0805C)
Added Component: Designator=C68(0805C)
Added Component: Designator=C69(0805C)
Added Component: Designator=C70(0805C)
Added Component: Designator=C71(0805C)
Added Component: Designator=C72(0805C)
Added Component: Designator=C73(0805C)
Added Component: Designator=C74(0805C)
Added Component: Designator=C75(0805C)
Added Component: Designator=C76(0805C)
Added Component: Designator=C77(0805C)
Added Component: Designator=C78(0805C)
Added Component: Designator=C79(1206)
Added Component: Designator=C80(0805C)
Added Component: Designator=C81(0805C)
Added Component: Designator=C82(0805C)
Added Component: Designator=C83(0805C)
Added Component: Designator=C84(0805C)
Added Component: Designator=C85(0805C)
Added Component: Designator=C86(0805C)
Added Component: Designator=C87(0805C)
Added Component: Designator=C88(0805C)
Added Component: Designator=C89(0805C)
Added Component: Designator=C90(0805C)
Added Component: Designator=C91(0805C)
Added Component: Designator=C92(0805C)
Added Component: Designator=C93(0805C)
Added Component: Designator=C94(0805C)
Added Component: Designator=C95(0805C)
Added Component: Designator=C96(0805C)
Added Component: Designator=C97(0805C)
Added Component: Designator=C98(0805C)
Added Component: Designator=C99(0805C)
Added Component: Designator=C100(0805C)
Added Component: Designator=C101(0805C)
Added Component: Designator=C102(0805C)
Added Component: Designator=C103(0805C)
Added Component: Designator=C104(0805C)
Added Component: Designator=C105(0805C)
Added Component: Designator=C106(0805C)
Added Component: Designator=C107(0805C)
Added Component: Designator=C108(0805C)
Added Component: Designator=C109(0805C)
Added Component: Designator=C110(0805C)
Added Component: Designator=C111(0805C)
Added Component: Designator=C112(0805C)
Added Component: Designator=C113(0805C)
Added Component: Designator=C114(0805C)
Added Component: Designator=C115(0805C)
Added Component: Designator=C116(0805C)
Added Component: Designator=C117(0805C)
Added Component: Designator=C118(0805C)
Added Component: Designator=C119(0805C)
Added Component: Designator=C120(0805C)
Added Component: Designator=C121(0805C)
Added Component: Designator=C122(0805C)
Added Component: Designator=C123(0805C)
Added Component: Designator=C124(0805C)
Added Component: Designator=C125(0805C)
Added Component: Designator=C126(0805C)
Added Component: Designator=C127(0805C)
Added Component: Designator=C128(0805C)
Added Component: Designator=C129(0805C)
Added Component: Designator=C130(0805C)
Added Component: Designator=D1(0805D)
Added Component: Designator=D2(0805D)
Added Component: Designator=D3(0805D)
Added Component: Designator=D4(0805D)
Added Component: Designator=D5(0805D)
Added Component: Designator=J1(电源DC插座5.4mm - duplicate)
Added Component: Designator=J2(MCX5.08-H5)
Added Component: Designator=J3(MCX5.08-H5)
Added Component: Designator=K1(K2贴片 - duplicate1)
Added Component: Designator=L1(0805L)
Added Component: Designator=L2(0805L)
Added Component: Designator=L3(0805L)
Added Component: Designator=L4(0805L)
Added Component: Designator=L5(0805L)
Added Component: Designator=L6(0805L)
Added Component: Designator=L7(0805L)
Added Component: Designator=L8(0805L)
Added Component: Designator=L9(0805L)
Added Component: Designator=L10(0805L)
Added Component: Designator=L11(0805L)
Added Component: Designator=L12(0805L)
Added Component: Designator=L13(0805L)
Added Component: Designator=L14(0805L)
Added Component: Designator=L15(0805L)
Added Component: Designator=L16(0805L)
Added Component: Designator=L17(0805L)
Added Component: Designator=L18(0805L)
Added Component: Designator=L19(0805L)
Added Component: Designator=L20(0805L)
Added Component: Designator=L21(0805L)
Added Component: Designator=L22(0805L)
Added Component: Designator=L23(0805L)
Added Component: Designator=L24(0805L)
Added Component: Designator=L25(0805L)
Added Component: Designator=LL1(SOT23-5)
Added Component: Designator=LL2(SOT23-5)
Added Component: Designator=P1(HDR1X2)
Added Component: Designator=P2(HDR2X5)
Added Component: Designator=P3(JTAG 2.45*3 单面)
Added Component: Designator=P4(HDR2X5)
Added Component: Designator=P5(JTAG 2.45*4 单面)
Added Component: Designator=P6(HDR2X15)
Added Component: Designator=P7(JTAG 2.45*2 单面)
Added Component: Designator=PP1(JTAG 2.45*4 单面)
Added Component: Designator=PP2(JTAG 2.45*4 单面)
Added Component: Designator=R1(0805)
Added Component: Designator=R2(0805)
Added Component: Designator=R3(0805)
Added Component: Designator=R4(0805)
Added Component: Designator=R5(0805)
Added Component: Designator=R6(0805)
Added Component: Designator=R7(0805)
Added Component: Designator=R8(0805)
Added Component: Designator=R9(0805)
Added Component: Designator=R10(0805)
Added Component: Designator=R11(0805)
Added Component: Designator=R12(0805)
Added Component: Designator=R13(0805)
Added Component: Designator=R14(0805)
Added Component: Designator=R15(0805)
Added Component: Designator=R16(0805)
Added Component: Designator=R17(0805)
Added Component: Designator=R18(0805)
Added Component: Designator=R19(0805)
Added Component: Designator=R20(0805)
Added Component: Designator=R21(0805)
Added Component: Designator=R22(0805)
Added Component: Designator=R23(0805)
Added Component: Designator=R24(0805)
Added Component: Designator=R25(0805)
Added Component: Designator=R26(0805)
Added Component: Designator=R27(0805)
Added Component: Designator=R28(0805)
Added Component: Designator=R29(0805)
Added Component: Designator=R30(0805)
Added Component: Designator=R31(0805)
Added Component: Designator=R32(0805)
Added Component: Designator=R33(0805)
Added Component: Designator=R34(0805)
Added Component: Designator=R35(0805)
Added Component: Designator=R36(0805)
Added Component: Designator=R37(0805)
Added Component: Designator=R38(0805)
Added Component: Designator=R39(0805)
Added Component: Designator=R40(0805)
Added Component: Designator=R41(0805)
Added Component: Designator=R42(0805)
Added Component: Designator=R43(0805)
Added Component: Designator=R44(0805)
Added Component: Designator=R45(0805)
Added Component: Designator=R46(0805)
Added Component: Designator=R47(0805)
Added Component: Designator=R48(0805)
Added Component: Designator=R49(0805)
Added Component: Designator=R50(0805)
Added Component: Designator=R51(0805)
Added Component: Designator=R52(0805)
Added Component: Designator=R53(0805)
Added Component: Designator=R54(0805)
Added Component: Designator=R55(0805)
Added Component: Designator=R56(0805)
Added Component: Designator=R57(0805)
Added Component: Designator=R58(0805)
Added Component: Designator=R59(0805)
Added Component: Designator=R60(0805)
Added Component: Designator=R61(0805)
Added Component: Designator=R62(0805)
Added Component: Designator=R63(0805)
Added Component: Designator=R64(0805)
Added Component: Designator=RN1(0603*4 反)
Added Component: Designator=RN2(0603*4 反)
Added Component: Designator=RN3(0603*4 反)
Added Component: Designator=RN4(0603*4 反)
Added Component: Designator=RN5(0603*4 反)
Added Component: Designator=RN6(0603*4 反)
Added Component: Designator=RN7(0603*4 反)
Added Component: Designator=RN8(0603*4 反)
Added Component: Designator=T1(TO-263)
Added Component: Designator=T2(TO-263)
Added Component: Designator=T3(1117)
Added Component: Designator=T4(1117)
Added Component: Designator=U1(QFN24)
Added Component: Designator=U2(QFN24)
Added Component: Designator=U3(SBB_5089)
Added Component: Designator=U4(FPGA 208)
Added Component: Designator=U5(TQFP100)
Added Component: Designator=U6(SOP8)
Added Component: Designator=U7(TQFP100)
Added Component: Designator=Y1(XTAL 7050)
Added Component: Designator=Y2(XTAL)
Added Pin To Net: NetName=GND Pin=C1-1
Added Pin To Net: NetName=VCC3_3_TCXO Pin=C1-2
Added Pin To Net: NetName=NetC2_1 Pin=C2-1
Added Pin To Net: NetName=GND Pin=C2-2
Added Pin To Net: NetName=VCC3_3_TCXO Pin=C3-1
Added Pin To Net: NetName=GND Pin=C3-2
Added Pin To Net: NetName=REF_4360 Pin=C4-1
Added Pin To Net: NetName=IOUTB1 Pin=C5-1
Added Pin To Net: NetName=IOUTB2 Pin=C5-2
Added Pin To Net: NetName=IOUTA1 Pin=C6-1
Added Pin To Net: NetName=IOUTA2 Pin=C6-2
Added Pin To Net: NetName=GND Pin=C7-2
Added Pin To Net: NetName=GND Pin=C8-1
Added Pin To Net: NetName=GND Pin=C10-2
Added Pin To Net: NetName=NetC11_1 Pin=C11-1
Added Pin To Net: NetName=GND Pin=C11-2
Added Pin To Net: NetName=VVCO3_3_4360 Pin=C12-1
Added Pin To Net: NetName=NetC12_2 Pin=C12-2
Added Pin To Net: NetName=GND Pin=C13-2
Added Pin To Net: NetName=VVCO3_3_4360 Pin=C14-1
Added Pin To Net: NetName=NetC12_2 Pin=C14-2
Added Pin To Net: NetName=NetC15_2 Pin=C15-2
Added Pin To Net: NetName=NetC16_2 Pin=C16-2
Added Pin To Net: NetName=DVDD3_3_4360 Pin=C17-1
Added Pin To Net: NetName=GND Pin=C17-2
Added Pin To Net: NetName=DVDD3_3_4360 Pin=C18-1
Added Pin To Net: NetName=GND Pin=C18-2
Added Pin To Net: NetName=GND Pin=C19-1
Added Pin To Net: NetName=GND Pin=C20-1
Added Pin To Net: NetName=GND Pin=C21-1
Added Pin To Net: NetName=GND Pin=C22-1
Added Pin To Net: NetName=NetC22_2 Pin=C22-2
Added Pin To Net: NetName=5VCC Pin=C23-1
Added Pin To Net: NetName=GND Pin=C23-2
Added Pin To Net: NetName=GND Pin=C24-1
Added Pin To Net: NetName=AVDD3_3_4360 Pin=C24-2
Added Pin To Net: NetName=GND Pin=C25-1
Added Pin To Net: NetName=AVDD3_3_4360 Pin=C25-2
Added Pin To Net: NetName=FPGA_CLK Pin=C26-1
Added Pin To Net: NetName=GND Pin=C27-1
Added Pin To Net: NetName=5VCC Pin=C27-2
Added Pin To Net: NetName=VVCO3_3_4360 Pin=C28-1
Added Pin To Net: NetName=GND Pin=C28-2
Added Pin To Net: NetName=VVCO3_3_4360 Pin=C29-1
Added Pin To Net: NetName=GND Pin=C29-2
Added Pin To Net: NetName=GND Pin=C32-2
Added Pin To Net: NetName=VCC3_3 Pin=C34-1
Added Pin To Net: NetName=GND Pin=C34-2
Added Pin To Net: NetName=NetC35_2 Pin=C35-2
Added Pin To Net: NetName=RF_OUT Pin=C36-2
Added Pin To Net: NetName=VCC3_3 Pin=C37-1
Added Pin To Net: NetName=GND Pin=C37-2
Added Pin To Net: NetName=GND Pin=C38-2
Added Pin To Net: NetName=VCC3_3 Pin=C39-1
Added Pin To Net: NetName=GND Pin=C39-2
Added Pin To Net: NetName=GND Pin=C40-1
Added Pin To Net: NetName=GND Pin=C41-2
Added Pin To Net: NetName=GND Pin=C42-1
Added Pin To Net: NetName=GND Pin=C43-2
Added Pin To Net: NetName=VCC1_2 Pin=C44-1
Added Pin To Net: NetName=GND Pin=C44-2
Added Pin To Net: NetName=GND Pin=C45-1
Added Pin To Net: NetName=GND Pin=C46-2
Added Pin To Net: NetName=VCC1_8 Pin=C47-1
Added Pin To Net: NetName=GND Pin=C47-2
Added Pin To Net: NetName=GND Pin=C48-1
Added Pin To Net: NetName=VCC1_2 Pin=C48-2
Added Pin To Net: NetName=GND Pin=C49-1
Added Pin To Net: NetName=GND Pin=C50-2
Added Pin To Net: NetName=GND Pin=C52-1
Added Pin To Net: NetName=VCC1_8 Pin=C52-2
Added Pin To Net: NetName=GND Pin=C53-1
Added Pin To Net: NetName=GND Pin=C54-1
Added Pin To Net: NetName=GND Pin=C55-1
Added Pin To Net: NetName=VCC3_3 Pin=C56-1
Added Pin To Net: NetName=GND Pin=C56-2
Added Pin To Net: NetName=VCC3_3 Pin=C57-1
Added Pin To Net: NetName=GND Pin=C57-2
Added Pin To Net: NetName=VCC3_3 Pin=C58-1
Added Pin To Net: NetName=GND Pin=C58-2
Added Pin To Net: NetName=VCC3_3 Pin=C59-1
Added Pin To Net: NetName=GND Pin=C59-2
Added Pin To Net: NetName=GND Pin=C60-1
Added Pin To Net: NetName=VCC3_3 Pin=C60-2
Added Pin To Net: NetName=VCC3_3 Pin=C61-1
Added Pin To Net: NetName=GND Pin=C61-2
Added Pin To Net: NetName=VCC3_3 Pin=C62-1
Added Pin To Net: NetName=GND Pin=C62-2
Added Pin To Net: NetName=GND Pin=C63-1
Added Pin To Net: NetName=VCC3_3 Pin=C63-2
Added Pin To Net: NetName=VCC3_3 Pin=C64-1
Added Pin To Net: NetName=GND Pin=C64-2
Added Pin To Net: NetName=GND Pin=C65-1
Added Pin To Net: NetName=VCC3_3 Pin=C66-1
Added Pin To Net: NetName=GND Pin=C66-2
Added Pin To Net: NetName=VCC3_3 Pin=C67-1
Added Pin To Net: NetName=GND Pin=C67-2
Added Pin To Net: NetName=VCC3_3 Pin=C68-1
Added Pin To Net: NetName=GND Pin=C68-2
Added Pin To Net: NetName=GND Pin=C70-1
Added Pin To Net: NetName=VCC3_3 Pin=C70-2
Added Pin To Net: NetName=VCC1_8 Pin=C71-1
Added Pin To Net: NetName=GND Pin=C71-2
Added Pin To Net: NetName=VCC1_8 Pin=C72-1
Added Pin To Net: NetName=GND Pin=C72-2
Added Pin To Net: NetName=VCC1_8 Pin=C73-1
Added Pin To Net: NetName=GND Pin=C73-2
Added Pin To Net: NetName=VCC1_8 Pin=C74-1
Added Pin To Net: NetName=GND Pin=C74-2
Added Pin To Net: NetName=VCC1_8 Pin=C75-1
Added Pin To Net: NetName=GND Pin=C75-2
Added Pin To Net: NetName=VCC1_8 Pin=C76-1
Added Pin To Net: NetName=GND Pin=C76-2
Added Pin To Net: NetName=VCC1_8 Pin=C77-1
Added Pin To Net: NetName=GND Pin=C77-2
Added Pin To Net: NetName=VCC1_8 Pin=C78-1
Added Pin To Net: NetName=GND Pin=C78-2
Added Pin To Net: NetName=VCC1_8 Pin=C79-1
Added Pin To Net: NetName=GND Pin=C79-2
Added Pin To Net: NetName=GND Pin=C80-1
Added Pin To Net: NetName=GND Pin=C81-1
Added Pin To Net: NetName=VCC1_2 Pin=C81-2
Added Pin To Net: NetName=GND Pin=C82-1
Added Pin To Net: NetName=VCC3_3 Pin=C82-2
Added Pin To Net: NetName=GND Pin=C83-1
Added Pin To Net: NetName=VCC3_3 Pin=C83-2
Added Pin To Net: NetName=GND Pin=C84-1
Added Pin To Net: NetName=VCC3_3 Pin=C84-2
Added Pin To Net: NetName=GND Pin=C85-1
Added Pin To Net: NetName=VCC3_3 Pin=C85-2
Added Pin To Net: NetName=GND Pin=C86-1
Added Pin To Net: NetName=VCC1_2 Pin=C86-2
Added Pin To Net: NetName=GND Pin=C87-1
Added Pin To Net: NetName=VCC1_2 Pin=C87-2
Added Pin To Net: NetName=GND Pin=C88-1
Added Pin To Net: NetName=VCC1_2 Pin=C88-2
Added Pin To Net: NetName=GND Pin=C89-1
Added Pin To Net: NetName=VCC1_2 Pin=C89-2
Added Pin To Net: NetName=GND Pin=C90-1
Added Pin To Net: NetName=VCC1_2 Pin=C90-2
Added Pin To Net: NetName=GND Pin=C91-1
Added Pin To Net: NetName=VCC1_2 Pin=C91-2
Added Pin To Net: NetName=GND Pin=C92-1
Added Pin To Net: NetName=GND Pin=C93-1
Added Pin To Net: NetName=GND Pin=C94-1
Added Pin To Net: NetName=VCC1_2 Pin=C94-2
Added Pin To Net: NetName=GND Pin=C95-1
Added Pin To Net: NetName=VCC1_2 Pin=C95-2
Added Pin To Net: NetName=GND Pin=C96-1
Added Pin To Net: NetName=VCC1_2 Pin=C96-2
Added Pin To Net: NetName=NRST Pin=C97-1
Added Pin To Net: NetName=GND Pin=C97-2
Added Pin To Net: NetName=GND Pin=C98-1
Added Pin To Net: NetName=VCC1_2 Pin=C98-2
Added Pin To Net: NetName=GND Pin=C99-1
Added Pin To Net: NetName=VCC1_2 Pin=C99-2
Added Pin To Net: NetName=GND Pin=C100-2
Added Pin To Net: NetName=GND Pin=C101-1
Added Pin To Net: NetName=VCC1_2 Pin=C101-2
Added Pin To Net: NetName=GND Pin=C102-1
Added Pin To Net: NetName=VCC1_2 Pin=C102-2
Added Pin To Net: NetName=GND Pin=C103-1
Added Pin To Net: NetName=VCC3_3 Pin=C103-2
Added Pin To Net: NetName=GND Pin=C104-1
Added Pin To Net: NetName=VCC3_3 Pin=C104-2
Added Pin To Net: NetName=GND Pin=C105-1
Added Pin To Net: NetName=VCC3_3 Pin=C105-2
Added Pin To Net: NetName=GND Pin=C106-1
Added Pin To Net: NetName=VCC3_3 Pin=C106-2
Added Pin To Net: NetName=GND Pin=C107-1
Added Pin To Net: NetName=VCC3_3 Pin=C107-2
Added Pin To Net: NetName=GND Pin=C108-1
Added Pin To Net: NetName=VCC3_3 Pin=C108-2
Added Pin To Net: NetName=GND Pin=C109-1
Added Pin To Net: NetName=VCC3_3 Pin=C109-2
Added Pin To Net: NetName=GND Pin=C110-1
Added Pin To Net: NetName=VCC3_3 Pin=C110-2
Added Pin To Net: NetName=GND Pin=C111-1
Added Pin To Net: NetName=VCC3_3 Pin=C111-2
Added Pin To Net: NetName=GND Pin=C112-1
Added Pin To Net: NetName=VCC3_3 Pin=C112-2
Added Pin To Net: NetName=GND Pin=C113-1
Added Pin To Net: NetName=VCC3_3 Pin=C113-2
Added Pin To Net: NetName=GND Pin=C114-1
Added Pin To Net: NetName=VCC3_3 Pin=C114-2
Added Pin To Net: NetName=GND Pin=C115-1
Added Pin To Net: NetName=VCC3_3 Pin=C115-2
Added Pin To Net: NetName=GND Pin=C116-1
Added Pin To Net: NetName=VCC3_3 Pin=C116-2
Added Pin To Net: NetName=GND Pin=C117-1
Added Pin To Net: NetName=VCC3_3 Pin=C117-2
Added Pin To Net: NetName=GND Pin=C118-1
Added Pin To Net: NetName=VCC3_3 Pin=C118-2
Added Pin To Net: NetName=GND Pin=C119-1
Added Pin To Net: NetName=VCC3_3 Pin=C119-2
Added Pin To Net: NetName=GND Pin=C120-1
Added Pin To Net: NetName=VCC3_3 Pin=C120-2
Added Pin To Net: NetName=GND Pin=C121-1
Added Pin To Net: NetName=VCC3_3 Pin=C121-2
Added Pin To Net: NetName=GND Pin=C122-1
Added Pin To Net: NetName=VCC3_3 Pin=C122-2
Added Pin To Net: NetName=GND Pin=C123-1
Added Pin To Net: NetName=VCC3_3 Pin=C123-2
Added Pin To Net: NetName=GND Pin=C124-1
Added Pin To Net: NetName=VCC3_3 Pin=C124-2
Added Pin To Net: NetName=GND Pin=C125-1
Added Pin To Net: NetName=VCC3_3 Pin=C125-2
Added Pin To Net: NetName=GND Pin=C126-1
Added Pin To Net: NetName=VCC3_3 Pin=C126-2
Added Pin To Net: NetName=GND Pin=C127-1
Added Pin To Net: NetName=VCC3_3 Pin=C127-2
Added Pin To Net: NetName=GND Pin=C128-1
Added Pin To Net: NetName=VCC3_3 Pin=C128-2
Added Pin To Net: NetName=GND Pin=C129-1
Added Pin To Net: NetName=VCC3_3 Pin=C129-2
Added Pin To Net: NetName=GND Pin=C130-1
Added Pin To Net: NetName=VCC3_3 Pin=C130-2
Added Pin To Net: NetName=NetD1_1 Pin=D1-1
Added Pin To Net: NetName=GND Pin=D1-2
Added Pin To Net: NetName=5VCC Pin=D2-1
Added Pin To Net: NetName=NetD2_2 Pin=D2-2
Added Pin To Net: NetName=VCC3_3 Pin=D3-1
Added Pin To Net: NetName=NetD3_2 Pin=D3-2
Added Pin To Net: NetName=NetD4_1 Pin=D4-1
Added Pin To Net: NetName=NetD4_2 Pin=D4-2
Added Pin To Net: NetName=C13 Pin=D5-1
Added Pin To Net: NetName=NetD5_2 Pin=D5-2
Added Pin To Net: NetName=NetC2_1 Pin=J1-1
Added Pin To Net: NetName=GND Pin=J1-2
Added Pin To Net: NetName=GND Pin=J1-3
Added Pin To Net: NetName=GND Pin=J2-2
Added Pin To Net: NetName=GND Pin=J2-3
Added Pin To Net: NetName=GND Pin=J2-4
Added Pin To Net: NetName=GND Pin=J2-5
Added Pin To Net: NetName=RF_OUT Pin=J3-1
Added Pin To Net: NetName=GND Pin=J3-2
Added Pin To Net: NetName=GND Pin=J3-3
Added Pin To Net: NetName=GND Pin=J3-4
Added Pin To Net: NetName=GND Pin=J3-5
Added Pin To Net: NetName=GND Pin=K1-1
Added Pin To Net: NetName=NRST Pin=K1-2
Added Pin To Net: NetName=NetC2_1 Pin=L1-1
Added Pin To Net: NetName=VCC3_3_TCXO Pin=L2-1
Added Pin To Net: NetName=IOUTB2 Pin=L3-1
Added Pin To Net: NetName=NetC15_2 Pin=L3-2
Added Pin To Net: NetName=IOUTB1 Pin=L4-1
Added Pin To Net: NetName=IOUTA2 Pin=L5-1
Added Pin To Net: NetName=NetC16_2 Pin=L5-2
Added Pin To Net: NetName=IOUTA1 Pin=L6-1
Added Pin To Net: NetName=NetL7_1 Pin=L7-1
Added Pin To Net: NetName=NetL8_2 Pin=L8-2
Added Pin To Net: NetName=NetL9_1 Pin=L9-1
Added Pin To Net: NetName=NetC22_2 Pin=L10-1
Added Pin To Net: NetName=NetL10_2 Pin=L10-2
Added Pin To Net: NetName=5VCC Pin=L11-1
Added Pin To Net: NetName=VOUT3_3_4360 Pin=L12-2
Added Pin To Net: NetName=VOUT3_3_4360 Pin=L13-2
Added Pin To Net: NetName=VCC3_3 Pin=L16-1
Added Pin To Net: NetName=VP3_3_4360 Pin=L16-2
Added Pin To Net: NetName=VCC3_3 Pin=L17-1
Added Pin To Net: NetName=DVDD3_3_4360 Pin=L17-2
Added Pin To Net: NetName=VCC3_3 Pin=L18-1
Added Pin To Net: NetName=VCC3_3_TCXO Pin=L18-2
Added Pin To Net: NetName=VCC3_3 Pin=L19-1
Added Pin To Net: NetName=AVDD3_3_4360 Pin=L19-2
Added Pin To Net: NetName=VCC3_3 Pin=L20-1
Added Pin To Net: NetName=VVCO3_3_4360 Pin=L20-2
Added Pin To Net: NetName=VCC3_3 Pin=L21-1
Added Pin To Net: NetName=VOUT3_3_4360 Pin=L21-2
Added Pin To Net: NetName=VCC1_2 Pin=L23-1
Added Pin To Net: NetName=VCC1_2_PLL Pin=L23-2
Added Pin To Net: NetName=5VCC Pin=L24-2
Added Pin To Net: NetName=VCC3_3 Pin=L25-1
Added Pin To Net: NetName=LOP Pin=LL1-1
Added Pin To Net: NetName=LON Pin=LL1-3
Added Pin To Net: NetName=GND Pin=LL1-4
Added Pin To Net: NetName=GND Pin=LL2-3
Added Pin To Net: NetName=CLK2 Pin=LL2-4
Added Pin To Net: NetName=CLK2C Pin=LL2-5
Added Pin To Net: NetName=GND Pin=P1-1
Added Pin To Net: NetName=NetC2_1 Pin=P1-2
Added Pin To Net: NetName=TCK Pin=P2-1
Added Pin To Net: NetName=GND Pin=P2-2
Added Pin To Net: NetName=TDO Pin=P2-3
Added Pin To Net: NetName=VCC3_3 Pin=P2-4
Added Pin To Net: NetName=TMS Pin=P2-5
Added Pin To Net: NetName=TDI Pin=P2-9
Added Pin To Net: NetName=GND Pin=P2-10
Added Pin To Net: NetName=GND Pin=P3-1
Added Pin To Net: NetName=PLL_LOCK Pin=P3-3
Added Pin To Net: NetName=DCLK Pin=P4-1
Added Pin To Net: NetName=GND Pin=P4-2
Added Pin To Net: NetName=CONF_DONE Pin=P4-3
Added Pin To Net: NetName=VCC3_3 Pin=P4-4
Added Pin To Net: NetName=NCONFIG Pin=P4-5
Added Pin To Net: NetName=NCE Pin=P4-6
Added Pin To Net: NetName=DATA Pin=P4-7
Added Pin To Net: NetName=NCS Pin=P4-8
Added Pin To Net: NetName=ASDI Pin=P4-9
Added Pin To Net: NetName=GND Pin=P4-10
Added Pin To Net: NetName=GND Pin=P5-1
Added Pin To Net: NetName=A14 Pin=P5-2
Added Pin To Net: NetName=A13 Pin=P5-3
Added Pin To Net: NetName=VCC3_3 Pin=P5-4
Added Pin To Net: NetName=VCC3_3 Pin=P6-1
Added Pin To Net: NetName=GND Pin=P6-2
Added Pin To Net: NetName=B9 Pin=P6-3
Added Pin To Net: NetName=E1 Pin=P6-4
Added Pin To Net: NetName=D7 Pin=P6-5
Added Pin To Net: NetName=D11 Pin=P6-6
Added Pin To Net: NetName=D5 Pin=P6-7
Added Pin To Net: NetName=D4 Pin=P6-8
Added Pin To Net: NetName=D14 Pin=P6-9
Added Pin To Net: NetName=D15 Pin=P6-10
Added Pin To Net: NetName=D0 Pin=P6-11
Added Pin To Net: NetName=D1 Pin=P6-12
Added Pin To Net: NetName=E7 Pin=P6-13
Added Pin To Net: NetName=E8 Pin=P6-14
Added Pin To Net: NetName=E9 Pin=P6-15
Added Pin To Net: NetName=E10 Pin=P6-16
Added Pin To Net: NetName=E11 Pin=P6-17
Added Pin To Net: NetName=E12 Pin=P6-18
Added Pin To Net: NetName=E13 Pin=P6-19
Added Pin To Net: NetName=E14 Pin=P6-20
Added Pin To Net: NetName=E15 Pin=P6-21
Added Pin To Net: NetName=D8 Pin=P6-22
Added Pin To Net: NetName=D9 Pin=P6-23
Added Pin To Net: NetName=D10 Pin=P6-24
Added Pin To Net: NetName=B7 Pin=P6-25
Added Pin To Net: NetName=A5 Pin=P6-26
Added Pin To Net: NetName=A6 Pin=P6-27
Added Pin To Net: NetName=A7 Pin=P6-28
Added Pin To Net: NetName=GND Pin=P6-29
Added Pin To Net: NetName=B6 Pin=P6-30
Added Pin To Net: NetName=B11 Pin=P7-1
Added Pin To Net: NetName=B10 Pin=P7-2
Added Pin To Net: NetName=A3 Pin=PP1-1
Added Pin To Net: NetName=A2 Pin=PP1-2
Added Pin To Net: NetName=A1 Pin=PP1-3
Added Pin To Net: NetName=A0 Pin=PP1-4
Added Pin To Net: NetName=B2 Pin=PP2-1
Added Pin To Net: NetName=B1 Pin=PP2-2
Added Pin To Net: NetName=B0 Pin=PP2-3
Added Pin To Net: NetName=A4 Pin=PP2-4
Added Pin To Net: NetName=5VCC Pin=R1-1
Added Pin To Net: NetName=IOUTB2 Pin=R1-2
Added Pin To Net: NetName=IOUTB2 Pin=R2-1
Added Pin To Net: NetName=GND Pin=R2-2
Added Pin To Net: NetName=5VCC Pin=R3-1
Added Pin To Net: NetName=IOUTA2 Pin=R3-2
Added Pin To Net: NetName=IOUTA2 Pin=R4-1
Added Pin To Net: NetName=GND Pin=R4-2
Added Pin To Net: NetName=5VCC Pin=R5-1
Added Pin To Net: NetName=IOUTB1 Pin=R5-2
Added Pin To Net: NetName=IOUTB1 Pin=R6-1
Added Pin To Net: NetName=GND Pin=R6-2
Added Pin To Net: NetName=5VCC Pin=R7-1
Added Pin To Net: NetName=IOUTA1 Pin=R7-2
Added Pin To Net: NetName=IOUTA1 Pin=R8-1
Added Pin To Net: NetName=GND Pin=R8-2
Added Pin To Net: NetName=NetD1_1 Pin=R9-1
Added Pin To Net: NetName=DVDD3_3_4360 Pin=R9-2
Added Pin To Net: NetName=NetD1_1 Pin=R10-1
Added Pin To Net: NetName=GND Pin=R10-2
Added Pin To Net: NetName=GND Pin=R11-2
Added Pin To Net: NetName=CLK_4360 Pin=R12-2
Added Pin To Net: NetName=NetR13_1 Pin=R13-1
Added Pin To Net: NetName=DATA_4360 Pin=R13-2
Added Pin To Net: NetName=E3 Pin=R14-2
Added Pin To Net: NetName=CE_4360 Pin=R15-2
Added Pin To Net: NetName=GND Pin=R16-2
Added Pin To Net: NetName=NetD1_1 Pin=R17-2
Added Pin To Net: NetName=NetC15_2 Pin=R18-2
Added Pin To Net: NetName=NetC16_2 Pin=R20-2
Added Pin To Net: NetName=NetC22_2 Pin=R21-1
Added Pin To Net: NetName=NetR22_1 Pin=R22-1
Added Pin To Net: NetName=GND Pin=R22-2
Added Pin To Net: NetName=NetL7_1 Pin=R23-1
Added Pin To Net: NetName=NetL8_2 Pin=R23-2
Added Pin To Net: NetName=NetL9_1 Pin=R24-1
Added Pin To Net: NetName=NetL10_2 Pin=R24-2
Added Pin To Net: NetName=GND Pin=R25-1
Added Pin To Net: NetName=NetD2_2 Pin=R25-2
Added Pin To Net: NetName=NetR26_1 Pin=R26-1
Added Pin To Net: NetName=NetR27_1 Pin=R27-1
Added Pin To Net: NetName=NetC22_2 Pin=R27-2
Added Pin To Net: NetName=NetR28_1 Pin=R28-1
Added Pin To Net: NetName=NetR29_1 Pin=R29-1
Added Pin To Net: NetName=NetR30_2 Pin=R30-2
Added Pin To Net: NetName=GND Pin=R31-2
Added Pin To Net: NetName=GND Pin=R34-2
Added Pin To Net: NetName=GND Pin=R35-2
Added Pin To Net: NetName=DATA Pin=R36-1
Added Pin To Net: NetName=VCC3_3 Pin=R36-2
Added Pin To Net: NetName=DCLK Pin=R37-1
Added Pin To Net: NetName=VCC3_3 Pin=R37-2
Added Pin To Net: NetName=CONF_DONE Pin=R38-1
Added Pin To Net: NetName=VCC3_3 Pin=R38-2
Added Pin To Net: NetName=NCONFIG Pin=R39-1
Added Pin To Net: NetName=VCC3_3 Pin=R39-2
Added Pin To Net: NetName=NSTATUS Pin=R40-1
Added Pin To Net: NetName=VCC3_3 Pin=R40-2
Added Pin To Net: NetName=VCC3_3 Pin=R41-1
Added Pin To Net: NetName=TDI Pin=R41-2
Added Pin To Net: NetName=CLK2 Pin=R42-1
Added Pin To Net: NetName=CLK2C Pin=R42-2
Added Pin To Net: NetName=TMS Pin=R43-1
Added Pin To Net: NetName=VCC3_3 Pin=R43-2
Added Pin To Net: NetName=GND Pin=R44-1
Added Pin To Net: NetName=TCK Pin=R44-2
Added Pin To Net: NetName=RESET Pin=R45-1
Added Pin To Net: NetName=VCC3_3 Pin=R45-2
Added Pin To Net: NetName=NetR46_1 Pin=R46-1
Added Pin To Net: NetName=D2 Pin=R46-2
Added Pin To Net: NetName=NetR47_1 Pin=R47-1
Added Pin To Net: NetName=C12 Pin=R47-2
Added Pin To Net: NetName=NetR48_1 Pin=R48-1
Added Pin To Net: NetName=GND Pin=R48-2
Added Pin To Net: NetName=NetR49_1 Pin=R49-1
Added Pin To Net: NetName=GND Pin=R49-2
Added Pin To Net: NetName=VCC3_3 Pin=R50-2
Added Pin To Net: NetName=PLL_LOCK Pin=R51-1
Added Pin To Net: NetName=NetR51_2 Pin=R51-2
Added Pin To Net: NetName=C11 Pin=R52-1
Added Pin To Net: NetName=NetR52_2 Pin=R52-2
Added Pin To Net: NetName=C10 Pin=R53-1
Added Pin To Net: NetName=VCC1_8 Pin=R54-1
Added Pin To Net: NetName=GND Pin=R55-1
Added Pin To Net: NetName=NCE Pin=R55-2
Added Pin To Net: NetName=GND Pin=R56-1
Added Pin To Net: NetName=NetD3_2 Pin=R56-2
Added Pin To Net: NetName=A14 Pin=R57-1
Added Pin To Net: NetName=GND Pin=R57-2
Added Pin To Net: NetName=VCC3_3 Pin=R58-1
Added Pin To Net: NetName=A13 Pin=R58-2
Added Pin To Net: NetName=NetD4_1 Pin=R59-1
Added Pin To Net: NetName=VCC3_3 Pin=R59-2
Added Pin To Net: NetName=GND Pin=R60-1
Added Pin To Net: NetName=NetD4_2 Pin=R60-2
Added Pin To Net: NetName=NRST Pin=R61-1
Added Pin To Net: NetName=VCC3_3 Pin=R61-2
Added Pin To Net: NetName=E0 Pin=R63-1
Added Pin To Net: NetName=RESET Pin=R63-2
Added Pin To Net: NetName=NetD5_2 Pin=R64-1
Added Pin To Net: NetName=GND Pin=R64-2
Added Pin To Net: NetName=DA0 Pin=RN1-1
Added Pin To Net: NetName=DA1 Pin=RN1-2
Added Pin To Net: NetName=DA2 Pin=RN1-3
Added Pin To Net: NetName=DA3 Pin=RN1-4
Added Pin To Net: NetName=NetRN1_5 Pin=RN1-5
Added Pin To Net: NetName=NetRN1_6 Pin=RN1-6
Added Pin To Net: NetName=NetRN1_7 Pin=RN1-7
Added Pin To Net: NetName=NetRN1_8 Pin=RN1-8
Added Pin To Net: NetName=DA4 Pin=RN2-1
Added Pin To Net: NetName=DA5 Pin=RN2-2
Added Pin To Net: NetName=DA6 Pin=RN2-3
Added Pin To Net: NetName=DA7 Pin=RN2-4
Added Pin To Net: NetName=NetRN2_5 Pin=RN2-5
Added Pin To Net: NetName=NetRN2_6 Pin=RN2-6
Added Pin To Net: NetName=NetRN2_7 Pin=RN2-7
Added Pin To Net: NetName=NetRN2_8 Pin=RN2-8
Added Pin To Net: NetName=DA8 Pin=RN3-1
Added Pin To Net: NetName=DA9 Pin=RN3-2
Added Pin To Net: NetName=DA10 Pin=RN3-3
Added Pin To Net: NetName=DA11 Pin=RN3-4
Added Pin To Net: NetName=NetRN3_5 Pin=RN3-5
Added Pin To Net: NetName=NetRN3_6 Pin=RN3-6
Added Pin To Net: NetName=NetRN3_7 Pin=RN3-7
Added Pin To Net: NetName=NetRN3_8 Pin=RN3-8
Added Pin To Net: NetName=DA12 Pin=RN4-1
Added Pin To Net: NetName=DA13 Pin=RN4-2
Added Pin To Net: NetName=DA14 Pin=RN4-3
Added Pin To Net: NetName=DA15 Pin=RN4-4
Added Pin To Net: NetName=NetRN4_5 Pin=RN4-5
Added Pin To Net: NetName=NetRN4_6 Pin=RN4-6
Added Pin To Net: NetName=NetRN4_7 Pin=RN4-7
Added Pin To Net: NetName=NetRN4_8 Pin=RN4-8
Added Pin To Net: NetName=NetRN5_1 Pin=RN5-1
Added Pin To Net: NetName=NetRN5_2 Pin=RN5-2
Added Pin To Net: NetName=NetRN5_3 Pin=RN5-3
Added Pin To Net: NetName=NetRN5_4 Pin=RN5-4
Added Pin To Net: NetName=DB3 Pin=RN5-5
Added Pin To Net: NetName=DB2 Pin=RN5-6
Added Pin To Net: NetName=DB1 Pin=RN5-7
Added Pin To Net: NetName=DB0 Pin=RN5-8
Added Pin To Net: NetName=NetRN6_1 Pin=RN6-1
Added Pin To Net: NetName=NetRN6_2 Pin=RN6-2
Added Pin To Net: NetName=NetRN6_3 Pin=RN6-3
Added Pin To Net: NetName=NetRN6_4 Pin=RN6-4
Added Pin To Net: NetName=DB7 Pin=RN6-5
Added Pin To Net: NetName=DB6 Pin=RN6-6
Added Pin To Net: NetName=DB5 Pin=RN6-7
Added Pin To Net: NetName=DB4 Pin=RN6-8
Added Pin To Net: NetName=NetRN7_1 Pin=RN7-1
Added Pin To Net: NetName=NetRN7_2 Pin=RN7-2
Added Pin To Net: NetName=NetRN7_3 Pin=RN7-3
Added Pin To Net: NetName=NetRN7_4 Pin=RN7-4
Added Pin To Net: NetName=DB11 Pin=RN7-5
Added Pin To Net: NetName=DB10 Pin=RN7-6
Added Pin To Net: NetName=DB9 Pin=RN7-7
Added Pin To Net: NetName=DB8 Pin=RN7-8
Added Pin To Net: NetName=NetRN8_1 Pin=RN8-1
Added Pin To Net: NetName=NetRN8_2 Pin=RN8-2
Added Pin To Net: NetName=NetRN8_3 Pin=RN8-3
Added Pin To Net: NetName=NetRN8_4 Pin=RN8-4
Added Pin To Net: NetName=DB15 Pin=RN8-5
Added Pin To Net: NetName=DB14 Pin=RN8-6
Added Pin To Net: NetName=DB13 Pin=RN8-7
Added Pin To Net: NetName=DB12 Pin=RN8-8
Added Pin To Net: NetName=GND Pin=T1-2
Added Pin To Net: NetName=GND Pin=T1-2
Added Pin To Net: NetName=5VCC Pin=T1-3
Added Pin To Net: NetName=5VCC Pin=T2-1
Added Pin To Net: NetName=GND Pin=T2-2
Added Pin To Net: NetName=GND Pin=T2-2
Added Pin To Net: NetName=VCC3_3 Pin=T2-3
Added Pin To Net: NetName=GND Pin=T3-1
Added Pin To Net: NetName=VCC1_2 Pin=T3-2
Added Pin To Net: NetName=VCC1_2 Pin=T3-2
Added Pin To Net: NetName=VCC3_3 Pin=T3-3
Added Pin To Net: NetName=GND Pin=T4-1
Added Pin To Net: NetName=VCC1_8 Pin=T4-2
Added Pin To Net: NetName=VCC1_8 Pin=T4-2
Added Pin To Net: NetName=VCC3_3 Pin=T4-3
Added Pin To Net: NetName=GND Pin=U1-1
Added Pin To Net: NetName=AVDD3_3_4360 Pin=U1-2
Added Pin To Net: NetName=GND Pin=U1-3
Added Pin To Net: NetName=VVCO3_3_4360 Pin=U1-6
Added Pin To Net: NetName=GND Pin=U1-8
Added Pin To Net: NetName=GND Pin=U1-9
Added Pin To Net: NetName=GND Pin=U1-10
Added Pin To Net: NetName=GND Pin=U1-11
Added Pin To Net: NetName=NetC11_1 Pin=U1-12
Added Pin To Net: NetName=NetC12_2 Pin=U1-14
Added Pin To Net: NetName=GND Pin=U1-15
Added Pin To Net: NetName=NetR13_1 Pin=U1-18
Added Pin To Net: NetName=DVDD3_3_4360 Pin=U1-21
Added Pin To Net: NetName=GND Pin=U1-22
Added Pin To Net: NetName=GND Pin=U2-2
Added Pin To Net: NetName=LON Pin=U2-3
Added Pin To Net: NetName=LOP Pin=U2-4
Added Pin To Net: NetName=GND Pin=U2-5
Added Pin To Net: NetName=GND Pin=U2-8
Added Pin To Net: NetName=NetR27_1 Pin=U2-9
Added Pin To Net: NetName=NetR26_1 Pin=U2-10
Added Pin To Net: NetName=GND Pin=U2-11
Added Pin To Net: NetName=GND Pin=U2-12
Added Pin To Net: NetName=GND Pin=U2-14
Added Pin To Net: NetName=NetR30_2 Pin=U2-16
Added Pin To Net: NetName=GND Pin=U2-17
Added Pin To Net: NetName=GND Pin=U2-19
Added Pin To Net: NetName=GND Pin=U2-20
Added Pin To Net: NetName=NetR28_1 Pin=U2-21
Added Pin To Net: NetName=NetR29_1 Pin=U2-22
Added Pin To Net: NetName=GND Pin=U2-23
Added Pin To Net: NetName=NetC35_2 Pin=U3-1
Added Pin To Net: NetName=GND Pin=U3-2
Added Pin To Net: NetName=GND Pin=U3-4
Added Pin To Net: NetName=ASDI Pin=U4-1
Added Pin To Net: NetName=NCS Pin=U4-2
Added Pin To Net: NetName=VCC3_3 Pin=U4-7
Added Pin To Net: NetName=GND Pin=U4-9
Added Pin To Net: NetName=VCC3_3 Pin=U4-13
Added Pin To Net: NetName=TDO Pin=U4-16
Added Pin To Net: NetName=TMS Pin=U4-17
Added Pin To Net: NetName=TCK Pin=U4-18
Added Pin To Net: NetName=TDI Pin=U4-19
Added Pin To Net: NetName=DATA Pin=U4-20
Added Pin To Net: NetName=DCLK Pin=U4-21
Added Pin To Net: NetName=NCE Pin=U4-22
Added Pin To Net: NetName=PLL_LOCK Pin=U4-23
Added Pin To Net: NetName=GND Pin=U4-25
Added Pin To Net: NetName=NCONFIG Pin=U4-26
Added Pin To Net: NetName=FPGA_CLK Pin=U4-28
Added Pin To Net: NetName=VCC3_3 Pin=U4-29
Added Pin To Net: NetName=VCC1_2 Pin=U4-32
Added Pin To Net: NetName=GND Pin=U4-36
Added Pin To Net: NetName=VCC3_3 Pin=U4-37
Added Pin To Net: NetName=GND Pin=U4-38
Added Pin To Net: NetName=VCC3_3 Pin=U4-42
Added Pin To Net: NetName=GND Pin=U4-49
Added Pin To Net: NetName=GND Pin=U4-50
Added Pin To Net: NetName=VCC1_2 Pin=U4-51
Added Pin To Net: NetName=GND Pin=U4-52
Added Pin To Net: NetName=VCC1_2_PLL Pin=U4-53
Added Pin To Net: NetName=GND Pin=U4-54
Added Pin To Net: NetName=GND Pin=U4-55
Added Pin To Net: NetName=DB15 Pin=U4-57
Added Pin To Net: NetName=DB14 Pin=U4-58
Added Pin To Net: NetName=DB13 Pin=U4-59
Added Pin To Net: NetName=DB12 Pin=U4-60
Added Pin To Net: NetName=DB11 Pin=U4-61
Added Pin To Net: NetName=VCC3_3 Pin=U4-62
Added Pin To Net: NetName=DB10 Pin=U4-63
Added Pin To Net: NetName=DB9 Pin=U4-64
Added Pin To Net: NetName=GND Pin=U4-65
Added Pin To Net: NetName=VCC1_2 Pin=U4-66
Added Pin To Net: NetName=VCC3_3 Pin=U4-67
Added Pin To Net: NetName=DB8 Pin=U4-68
Added Pin To Net: NetName=DB7 Pin=U4-69
Added Pin To Net: NetName=DB6 Pin=U4-70
Added Pin To Net: NetName=VCC3_3 Pin=U4-71
Added Pin To Net: NetName=DB5 Pin=U4-72
Added Pin To Net: NetName=GND Pin=U4-73
Added Pin To Net: NetName=DB4 Pin=U4-74
Added Pin To Net: NetName=DB3 Pin=U4-75
Added Pin To Net: NetName=DB2 Pin=U4-76
Added Pin To Net: NetName=DB1 Pin=U4-77
Added Pin To Net: NetName=GND Pin=U4-78
Added Pin To Net: NetName=VCC1_2 Pin=U4-79
Added Pin To Net: NetName=DB0 Pin=U4-80
Added Pin To Net: NetName=DA0 Pin=U4-82
Added Pin To Net: NetName=VCC3_3 Pin=U4-83
Added Pin To Net: NetName=DA1 Pin=U4-84
Added Pin To Net: NetName=GND Pin=U4-85
Added Pin To Net: NetName=DA2 Pin=U4-86
Added Pin To Net: NetName=DA3 Pin=U4-87
Added Pin To Net: NetName=DA4 Pin=U4-88
Added Pin To Net: NetName=VCC3_3 Pin=U4-89
Added Pin To Net: NetName=DA5 Pin=U4-90
Added Pin To Net: NetName=VCC3_3 Pin=U4-91
Added Pin To Net: NetName=DA6 Pin=U4-92
Added Pin To Net: NetName=GND Pin=U4-93
Added Pin To Net: NetName=DA7 Pin=U4-94
Added Pin To Net: NetName=DA8 Pin=U4-95
Added Pin To Net: NetName=DA9 Pin=U4-96
Added Pin To Net: NetName=DA10 Pin=U4-97
Added Pin To Net: NetName=VCC3_3 Pin=U4-98
Added Pin To Net: NetName=DA11 Pin=U4-99
Added Pin To Net: NetName=GND Pin=U4-100
Added Pin To Net: NetName=DA12 Pin=U4-101
Added Pin To Net: NetName=DA13 Pin=U4-102
Added Pin To Net: NetName=DA14 Pin=U4-103
Added Pin To Net: NetName=DA15 Pin=U4-104
Added Pin To Net: NetName=A11 Pin=U4-105
Added Pin To Net: NetName=A10 Pin=U4-106
Added Pin To Net: NetName=NetD4_1 Pin=U4-107
Added Pin To Net: NetName=A9 Pin=U4-108
Added Pin To Net: NetName=VCC3_3 Pin=U4-109
Added Pin To Net: NetName=A8 Pin=U4-110
Added Pin To Net: NetName=GND Pin=U4-111
Added Pin To Net: NetName=C9 Pin=U4-112
Added Pin To Net: NetName=C8 Pin=U4-113
Added Pin To Net: NetName=C7 Pin=U4-114
Added Pin To Net: NetName=C6 Pin=U4-115
Added Pin To Net: NetName=VCC3_3 Pin=U4-117
Added Pin To Net: NetName=GND Pin=U4-119
Added Pin To Net: NetName=VCC1_2 Pin=U4-120
Added Pin To Net: NetName=NSTATUS Pin=U4-121
Added Pin To Net: NetName=VCC3_3 Pin=U4-122
Added Pin To Net: NetName=CONF_DONE Pin=U4-123
Added Pin To Net: NetName=GND Pin=U4-124
Added Pin To Net: NetName=GND Pin=U4-125
Added Pin To Net: NetName=GND Pin=U4-126
Added Pin To Net: NetName=VCC3_3 Pin=U4-136
Added Pin To Net: NetName=GND Pin=U4-140
Added Pin To Net: NetName=VCC3_3 Pin=U4-145
Added Pin To Net: NetName=VCC3_3 Pin=U4-148
Added Pin To Net: NetName=REF_4360 Pin=U4-151
Added Pin To Net: NetName=GND Pin=U4-153
Added Pin To Net: NetName=GND Pin=U4-154
Added Pin To Net: NetName=VCC1_2_PLL Pin=U4-155
Added Pin To Net: NetName=GND Pin=U4-156
Added Pin To Net: NetName=VCC1_2 Pin=U4-157
Added Pin To Net: NetName=GND Pin=U4-158
Added Pin To Net: NetName=GND Pin=U4-159
Added Pin To Net: NetName=VCC3_3 Pin=U4-166
Added Pin To Net: NetName=GND Pin=U4-167
Added Pin To Net: NetName=VCC3_3 Pin=U4-170
Added Pin To Net: NetName=VCC3_3 Pin=U4-172
Added Pin To Net: NetName=GND Pin=U4-174
Added Pin To Net: NetName=GND Pin=U4-177
Added Pin To Net: NetName=VCC1_2 Pin=U4-178
Added Pin To Net: NetName=VCC3_3 Pin=U4-183
Added Pin To Net: NetName=GND Pin=U4-184
Added Pin To Net: NetName=GND Pin=U4-186
Added Pin To Net: NetName=VCC1_2 Pin=U4-190
Added Pin To Net: NetName=VCC3_3 Pin=U4-192
Added Pin To Net: NetName=VCC3_3 Pin=U4-194
Added Pin To Net: NetName=GND Pin=U4-196
Added Pin To Net: NetName=VCC3_3 Pin=U4-202
Added Pin To Net: NetName=GND Pin=U4-204
Added Pin To Net: NetName=GND Pin=U5-1
Added Pin To Net: NetName=VCC3_3 Pin=U5-2
Added Pin To Net: NetName=VCC3_3 Pin=U5-3
Added Pin To Net: NetName=GND Pin=U5-4
Added Pin To Net: NetName=IOUTB1 Pin=U5-5
Added Pin To Net: NetName=IOUTB2 Pin=U5-6
Added Pin To Net: NetName=GND Pin=U5-7
Added Pin To Net: NetName=VCC3_3 Pin=U5-8
Added Pin To Net: NetName=GND Pin=U5-9
Added Pin To Net: NetName=VCC3_3 Pin=U5-10
Added Pin To Net: NetName=GND Pin=U5-12
Added Pin To Net: NetName=NetR48_1 Pin=U5-13
Added Pin To Net: NetName=VCC3_3 Pin=U5-14
Added Pin To Net: NetName=GND Pin=U5-15
Added Pin To Net: NetName=VCC3_3 Pin=U5-16
Added Pin To Net: NetName=GND Pin=U5-17
Added Pin To Net: NetName=VCC3_3 Pin=U5-18
Added Pin To Net: NetName=GND Pin=U5-19
Added Pin To Net: NetName=IOUTA2 Pin=U5-20
Added Pin To Net: NetName=IOUTA1 Pin=U5-21
Added Pin To Net: NetName=GND Pin=U5-22
Added Pin To Net: NetName=VCC3_3 Pin=U5-23
Added Pin To Net: NetName=VCC3_3 Pin=U5-24
Added Pin To Net: NetName=GND Pin=U5-25
Added Pin To Net: NetName=VCC1_8 Pin=U5-26
Added Pin To Net: NetName=GND Pin=U5-27
Added Pin To Net: NetName=NetR46_1 Pin=U5-28
Added Pin To Net: NetName=NetR47_1 Pin=U5-29
Added Pin To Net: NetName=NetR52_2 Pin=U5-30
Added Pin To Net: NetName=VCC1_8 Pin=U5-32
Added Pin To Net: NetName=NetRN4_5 Pin=U5-34
Added Pin To Net: NetName=NetRN4_6 Pin=U5-35
Added Pin To Net: NetName=NetRN4_7 Pin=U5-36
Added Pin To Net: NetName=VCC1_8 Pin=U5-37
Added Pin To Net: NetName=GND Pin=U5-38
Added Pin To Net: NetName=NetRN4_8 Pin=U5-39
Added Pin To Net: NetName=NetRN3_5 Pin=U5-40
Added Pin To Net: NetName=NetRN3_6 Pin=U5-41
Added Pin To Net: NetName=NetRN3_7 Pin=U5-42
Added Pin To Net: NetName=NetRN3_8 Pin=U5-43
Added Pin To Net: NetName=VCC1_8 Pin=U5-44
Added Pin To Net: NetName=GND Pin=U5-45
Added Pin To Net: NetName=VCC3_3 Pin=U5-46
Added Pin To Net: NetName=GND Pin=U5-47
Added Pin To Net: NetName=NetRN2_5 Pin=U5-48
Added Pin To Net: NetName=NetRN2_6 Pin=U5-49
Added Pin To Net: NetName=NetRN2_7 Pin=U5-50
Added Pin To Net: NetName=NetRN2_8 Pin=U5-51
Added Pin To Net: NetName=NetRN1_5 Pin=U5-52
Added Pin To Net: NetName=NetRN1_6 Pin=U5-53
Added Pin To Net: NetName=NetRN1_7 Pin=U5-54
Added Pin To Net: NetName=NetRN1_8 Pin=U5-55
Added Pin To Net: NetName=GND Pin=U5-57
Added Pin To Net: NetName=GND Pin=U5-58
Added Pin To Net: NetName=VCC3_3 Pin=U5-61
Added Pin To Net: NetName=CLK2C Pin=U5-62
Added Pin To Net: NetName=CLK2 Pin=U5-63
Added Pin To Net: NetName=GND Pin=U5-64
Added Pin To Net: NetName=GND Pin=U5-65
Added Pin To Net: NetName=GND Pin=U5-67
Added Pin To Net: NetName=VCC1_8 Pin=U5-68
Added Pin To Net: NetName=GND Pin=U5-69
Added Pin To Net: NetName=NetR51_2 Pin=U5-70
Added Pin To Net: NetName=NetRN5_1 Pin=U5-71
Added Pin To Net: NetName=NetRN5_2 Pin=U5-72
Added Pin To Net: NetName=NetRN5_3 Pin=U5-73
Added Pin To Net: NetName=NetRN5_4 Pin=U5-74
Added Pin To Net: NetName=NetRN6_1 Pin=U5-75
Added Pin To Net: NetName=NetRN6_2 Pin=U5-76
Added Pin To Net: NetName=NetRN6_3 Pin=U5-77
Added Pin To Net: NetName=NetRN6_4 Pin=U5-78
Added Pin To Net: NetName=GND Pin=U5-79
Added Pin To Net: NetName=VCC3_3 Pin=U5-80
Added Pin To Net: NetName=GND Pin=U5-81
Added Pin To Net: NetName=VCC1_8 Pin=U5-82
Added Pin To Net: NetName=NetRN7_1 Pin=U5-83
Added Pin To Net: NetName=NetRN7_2 Pin=U5-84
Added Pin To Net: NetName=NetRN7_3 Pin=U5-85
Added Pin To Net: NetName=NetRN7_4 Pin=U5-86
Added Pin To Net: NetName=NetRN8_1 Pin=U5-87
Added Pin To Net: NetName=GND Pin=U5-88
Added Pin To Net: NetName=VCC1_8 Pin=U5-89
Added Pin To Net: NetName=NetRN8_2 Pin=U5-90
Added Pin To Net: NetName=NetRN8_3 Pin=U5-91
Added Pin To Net: NetName=NetRN8_4 Pin=U5-92
Added Pin To Net: NetName=GND Pin=U5-93
Added Pin To Net: NetName=RESET Pin=U5-95
Added Pin To Net: NetName=NetR49_1 Pin=U5-97
Added Pin To Net: NetName=GND Pin=U5-98
Added Pin To Net: NetName=GND Pin=U5-99
Added Pin To Net: NetName=VCC1_8 Pin=U5-100
Added Pin To Net: NetName=NCS Pin=U6-1
Added Pin To Net: NetName=DATA Pin=U6-2
Added Pin To Net: NetName=VCC3_3 Pin=U6-3
Added Pin To Net: NetName=GND Pin=U6-4
Added Pin To Net: NetName=ASDI Pin=U6-5
Added Pin To Net: NetName=DCLK Pin=U6-6
Added Pin To Net: NetName=VCC3_3 Pin=U6-7
Added Pin To Net: NetName=VCC3_3 Pin=U6-8
Added Pin To Net: NetName=CE_4360 Pin=U7-1
Added Pin To Net: NetName=E3 Pin=U7-2
Added Pin To Net: NetName=DATA_4360 Pin=U7-3
Added Pin To Net: NetName=CLK_4360 Pin=U7-4
Added Pin To Net: NetName=E6 Pin=U7-5
Added Pin To Net: NetName=BAT Pin=U7-6
Added Pin To Net: NetName=C13 Pin=U7-7
Added Pin To Net: NetName=C14 Pin=U7-8
Added Pin To Net: NetName=C15 Pin=U7-9
Added Pin To Net: NetName=GND Pin=U7-10
Added Pin To Net: NetName=VCC3_3 Pin=U7-11
Added Pin To Net: NetName=NRST Pin=U7-14
Added Pin To Net: NetName=C0 Pin=U7-15
Added Pin To Net: NetName=C1 Pin=U7-16
Added Pin To Net: NetName=C2 Pin=U7-17
Added Pin To Net: NetName=C3 Pin=U7-18
Added Pin To Net: NetName=GND Pin=U7-19
Added Pin To Net: NetName=GND Pin=U7-20
Added Pin To Net: NetName=A0 Pin=U7-23
Added Pin To Net: NetName=A1 Pin=U7-24
Added Pin To Net: NetName=A2 Pin=U7-25
Added Pin To Net: NetName=A3 Pin=U7-26
Added Pin To Net: NetName=GND Pin=U7-27
Added Pin To Net: NetName=VCC3_3 Pin=U7-28
Added Pin To Net: NetName=A4 Pin=U7-29
Added Pin To Net: NetName=A5 Pin=U7-30
Added Pin To Net: NetName=A6 Pin=U7-31
Added Pin To Net: NetName=A7 Pin=U7-32
Added Pin To Net: NetName=C4 Pin=U7-33
Added Pin To Net: NetName=C5 Pin=U7-34
Added Pin To Net: NetName=B0 Pin=U7-35
Added Pin To Net: NetName=B1 Pin=U7-36
Added Pin To Net: NetName=B2 Pin=U7-37
Added Pin To Net: NetName=E7 Pin=U7-38
Added Pin To Net: NetName=E8 Pin=U7-39
Added Pin To Net: NetName=E9 Pin=U7-40
Added Pin To Net: NetName=E10 Pin=U7-41
Added Pin To Net: NetName=E11 Pin=U7-42
Added Pin To Net: NetName=E12 Pin=U7-43
Added Pin To Net: NetName=E13 Pin=U7-44
Added Pin To Net: NetName=E14 Pin=U7-45
Added Pin To Net: NetName=E15 Pin=U7-46
Added Pin To Net: NetName=B10 Pin=U7-47
Added Pin To Net: NetName=B11 Pin=U7-48
Added Pin To Net: NetName=GND Pin=U7-49
Added Pin To Net: NetName=VCC3_3 Pin=U7-50
Added Pin To Net: NetName=B12 Pin=U7-51
Added Pin To Net: NetName=B13 Pin=U7-52
Added Pin To Net: NetName=B14 Pin=U7-53
Added Pin To Net: NetName=B15 Pin=U7-54
Added Pin To Net: NetName=D8 Pin=U7-55
Added Pin To Net: NetName=D9 Pin=U7-56
Added Pin To Net: NetName=D10 Pin=U7-57
Added Pin To Net: NetName=D11 Pin=U7-58
Added Pin To Net: NetName=D12 Pin=U7-59
Added Pin To Net: NetName=D13 Pin=U7-60
Added Pin To Net: NetName=D14 Pin=U7-61
Added Pin To Net: NetName=D15 Pin=U7-62
Added Pin To Net: NetName=C6 Pin=U7-63
Added Pin To Net: NetName=C7 Pin=U7-64
Added Pin To Net: NetName=C8 Pin=U7-65
Added Pin To Net: NetName=C9 Pin=U7-66
Added Pin To Net: NetName=A8 Pin=U7-67
Added Pin To Net: NetName=A9 Pin=U7-68
Added Pin To Net: NetName=A10 Pin=U7-69
Added Pin To Net: NetName=A11 Pin=U7-70
Added Pin To Net: NetName=A12 Pin=U7-71
Added Pin To Net: NetName=A13 Pin=U7-72
Added Pin To Net: NetName=GND Pin=U7-74
Added Pin To Net: NetName=VCC3_3 Pin=U7-75
Added Pin To Net: NetName=A14 Pin=U7-76
Added Pin To Net: NetName=A15 Pin=U7-77
Added Pin To Net: NetName=C10 Pin=U7-78
Added Pin To Net: NetName=C11 Pin=U7-79
Added Pin To Net: NetName=C12 Pin=U7-80
Added Pin To Net: NetName=D0 Pin=U7-81
Added Pin To Net: NetName=D1 Pin=U7-82
Added Pin To Net: NetName=D2 Pin=U7-83
Added Pin To Net: NetName=D3 Pin=U7-84
Added Pin To Net: NetName=D4 Pin=U7-85
Added Pin To Net: NetName=D5 Pin=U7-86
Added Pin To Net: NetName=D6 Pin=U7-87
Added Pin To Net: NetName=D7 Pin=U7-88
Added Pin To Net: NetName=B3 Pin=U7-89
Added Pin To Net: NetName=B4 Pin=U7-90
Added Pin To Net: NetName=B5 Pin=U7-91
Added Pin To Net: NetName=B6 Pin=U7-92
Added Pin To Net: NetName=B7 Pin=U7-93
Added Pin To Net: NetName=GND Pin=U7-94
Added Pin To Net: NetName=B8 Pin=U7-95
Added Pin To Net: NetName=B9 Pin=U7-96
Added Pin To Net: NetName=E0 Pin=U7-97
Added Pin To Net: NetName=E1 Pin=U7-98
Added Pin To Net: NetName=GND Pin=U7-99
Added Pin To Net: NetName=VCC3_3 Pin=U7-100
Added Pin To Net: NetName=NetR22_1 Pin=Y1-1
Added Pin To Net: NetName=GND Pin=Y1-2
Added Pin To Net: NetName=5VCC_AMP Pin=C53-2
Added Pin To Net: NetName=5VCC_AMP Pin=C54-2
Added Pin To Net: NetName=5VCC_AMP Pin=C55-2
Added Pin To Net: NetName=5VCC_AMP Pin=L11-2
Added Pin To Net: NetName=5VCC_AMP Pin=L22-1
Added Net: Name=5VCC_AMP
Added Pin To Net: NetName=NetC4_2 Pin=C4-2
Added Pin To Net: NetName=NetC4_2 Pin=C9-2
Added Pin To Net: NetName=NetC4_2 Pin=R11-1
Added Net: Name=NetC4_2
Added Pin To Net: NetName=NetC7_1 Pin=C7-1
Added Pin To Net: NetName=NetC7_1 Pin=L1-2
Added Pin To Net: NetName=NetC7_1 Pin=T1-1
Added Net: Name=NetC7_1
Added Pin To Net: NetName=NetC8_2 Pin=C8-2
Added Pin To Net: NetName=NetC8_2 Pin=C10-1
Added Pin To Net: NetName=NetC8_2 Pin=C13-1
Added Pin To Net: NetName=NetC8_2 Pin=L2-2
Added Pin To Net: NetName=NetC8_2 Pin=Y1-4
Added Net: Name=NetC8_2
Added Pin To Net: NetName=NetC9_1 Pin=C9-1
Added Pin To Net: NetName=NetC9_1 Pin=U1-16
Added Net: Name=NetC9_1
Added Pin To Net: NetName=NetC15_1 Pin=C15-1
Added Pin To Net: NetName=NetC15_1 Pin=L4-2
Added Pin To Net: NetName=NetC15_1 Pin=R19-2
Added Net: Name=NetC15_1
Added Pin To Net: NetName=NetC16_1 Pin=C16-1
Added Pin To Net: NetName=NetC16_1 Pin=L6-2
Added Pin To Net: NetName=NetC16_1 Pin=R21-2
Added Net: Name=NetC16_1
Added Pin To Net: NetName=NetC19_2 Pin=C19-2
Added Pin To Net: NetName=NetC19_2 Pin=L7-2
Added Pin To Net: NetName=NetC19_2 Pin=R18-1
Added Pin To Net: NetName=NetC19_2 Pin=R28-2
Added Net: Name=NetC19_2
Added Pin To Net: NetName=NetC20_2 Pin=C20-2
Added Pin To Net: NetName=NetC20_2 Pin=L8-1
Added Pin To Net: NetName=NetC20_2 Pin=R19-1
Added Pin To Net: NetName=NetC20_2 Pin=R29-2
Added Net: Name=NetC20_2
Added Pin To Net: NetName=NetC21_2 Pin=C21-2
Added Pin To Net: NetName=NetC21_2 Pin=L9-2
Added Pin To Net: NetName=NetC21_2 Pin=R20-1
Added Pin To Net: NetName=NetC21_2 Pin=R26-2
Added Net: Name=NetC21_2
Added Pin To Net: NetName=NetC26_2 Pin=C26-2
Added Pin To Net: NetName=NetC26_2 Pin=Y1-3
Added Net: Name=NetC26_2
Added Pin To Net: NetName=NetC30_1 Pin=C30-1
Added Pin To Net: NetName=NetC30_1 Pin=L14-1
Added Net: Name=NetC30_1
Added Pin To Net: NetName=NetC30_2 Pin=C30-2
Added Pin To Net: NetName=NetC30_2 Pin=L13-1
Added Pin To Net: NetName=NetC30_2 Pin=U1-4
Added Net: Name=NetC30_2
Added Pin To Net: NetName=NetC31_1 Pin=C31-1
Added Pin To Net: NetName=NetC31_1 Pin=L15-1
Added Net: Name=NetC31_1
Added Pin To Net: NetName=NetC31_2 Pin=C31-2
Added Pin To Net: NetName=NetC31_2 Pin=L12-1
Added Pin To Net: NetName=NetC31_2 Pin=U1-5
Added Net: Name=NetC31_2
Added Pin To Net: NetName=NetC32_1 Pin=C32-1
Added Pin To Net: NetName=NetC32_1 Pin=C33-1
Added Pin To Net: NetName=NetC32_1 Pin=R32-1
Added Pin To Net: NetName=NetC32_1 Pin=U1-24
Added Net: Name=NetC32_1
Added Pin To Net: NetName=NetC33_2 Pin=C33-2
Added Pin To Net: NetName=NetC33_2 Pin=R31-1
Added Net: Name=NetC33_2
Added Pin To Net: NetName=NetC35_1 Pin=C35-1
Added Pin To Net: NetName=NetC35_1 Pin=L14-2
Added Net: Name=NetC35_1
Added Pin To Net: NetName=NetC36_1 Pin=C36-1
Added Pin To Net: NetName=NetC36_1 Pin=R30-1
Added Net: Name=NetC36_1
Added Pin To Net: NetName=NetC38_1 Pin=C38-1
Added Pin To Net: NetName=NetC38_1 Pin=R32-2
Added Pin To Net: NetName=NetC38_1 Pin=U1-7
Added Net: Name=NetC38_1
Added Pin To Net: NetName=NetC40_2 Pin=C40-2
Added Pin To Net: NetName=NetC40_2 Pin=C41-1
Added Pin To Net: NetName=NetC40_2 Pin=C42-2
Added Pin To Net: NetName=NetC40_2 Pin=C43-1
Added Pin To Net: NetName=NetC40_2 Pin=C45-2
Added Pin To Net: NetName=NetC40_2 Pin=C46-1
Added Pin To Net: NetName=NetC40_2 Pin=C49-2
Added Pin To Net: NetName=NetC40_2 Pin=C50-1
Added Pin To Net: NetName=NetC40_2 Pin=L24-1
Added Pin To Net: NetName=NetC40_2 Pin=U2-18
Added Pin To Net: NetName=NetC40_2 Pin=U2-24
Added Net: Name=NetC40_2
Added Pin To Net: NetName=NetC51_1 Pin=C51-1
Added Pin To Net: NetName=NetC51_1 Pin=R33-2
Added Pin To Net: NetName=NetC51_1 Pin=R34-1
Added Net: Name=NetC51_1
Added Pin To Net: NetName=NetC51_2 Pin=C51-2
Added Pin To Net: NetName=NetC51_2 Pin=L22-2
Added Pin To Net: NetName=NetC51_2 Pin=U3-3
Added Net: Name=NetC51_2
Added Pin To Net: NetName=NetC65_2 Pin=C65-2
Added Pin To Net: NetName=NetC65_2 Pin=U5-11
Added Net: Name=NetC65_2
Added Pin To Net: NetName=NetC69_1 Pin=C69-1
Added Pin To Net: NetName=NetC69_1 Pin=LL2-1
Added Net: Name=NetC69_1
Added Pin To Net: NetName=NetC69_2 Pin=C69-2
Added Pin To Net: NetName=NetC69_2 Pin=U4-47
Added Net: Name=NetC69_2
Added Pin To Net: NetName=NetC80_2 Pin=C80-2
Added Pin To Net: NetName=NetC80_2 Pin=R54-2
Added Pin To Net: NetName=NetC80_2 Pin=U5-56
Added Net: Name=NetC80_2
Added Pin To Net: NetName=NetC92_2 Pin=C92-2
Added Pin To Net: NetName=NetC92_2 Pin=R62-2
Added Pin To Net: NetName=NetC92_2 Pin=U7-12
Added Pin To Net: NetName=NetC92_2 Pin=Y2-2
Added Net: Name=NetC92_2
Added Pin To Net: NetName=NetC93_2 Pin=C93-2
Added Pin To Net: NetName=NetC93_2 Pin=R62-1
Added Pin To Net: NetName=NetC93_2 Pin=U7-13
Added Pin To Net: NetName=NetC93_2 Pin=Y2-1
Added Net: Name=NetC93_2
Added Pin To Net: NetName=NetC100_1 Pin=C100-1
Added Pin To Net: NetName=NetC100_1 Pin=L25-2
Added Pin To Net: NetName=NetC100_1 Pin=U7-21
Added Pin To Net: NetName=NetC100_1 Pin=U7-22
Added Net: Name=NetC100_1
Added Pin To Net: NetName=NetJ2_1 Pin=J2-1
Added Pin To Net: NetName=NetJ2_1 Pin=L15-2
Added Net: Name=NetJ2_1
Added Pin To Net: NetName=NetLL1_5 Pin=LL1-5
Added Pin To Net: NetName=NetLL1_5 Pin=R33-1
Added Pin To Net: NetName=NetLL1_5 Pin=R35-1
Added Net: Name=NetLL1_5
Added Pin To Net: NetName=NetR12_1 Pin=R12-1
Added Pin To Net: NetName=NetR12_1 Pin=U1-17
Added Net: Name=NetR12_1
Added Pin To Net: NetName=NetR14_1 Pin=R14-1
Added Pin To Net: NetName=NetR14_1 Pin=U1-19
Added Net: Name=NetR14_1
Added Pin To Net: NetName=NetR15_1 Pin=R15-1
Added Pin To Net: NetName=NetR15_1 Pin=U1-23
Added Net: Name=NetR15_1
Added Pin To Net: NetName=NetR16_1 Pin=R16-1
Added Pin To Net: NetName=NetR16_1 Pin=U1-13
Added Net: Name=NetR16_1
Added Pin To Net: NetName=NetR17_1 Pin=R17-1
Added Pin To Net: NetName=NetR17_1 Pin=U1-20
Added Net: Name=NetR17_1
Added Pin To Net: NetName=NetR50_1 Pin=R50-1
Added Pin To Net: NetName=NetR50_1 Pin=U5-33
Added Net: Name=NetR50_1
Added Pin To Net: NetName=NetR53_2 Pin=R53-2
Added Pin To Net: NetName=NetR53_2 Pin=U5-31
Added Net: Name=NetR53_2
Added Member To Class: ClassName=Sheet1 Member=Component C1 Cap
Added Member To Class: ClassName=Sheet1 Member=Component C2 10uF
Added Member To Class: ClassName=Sheet1 Member=Component C3 4.7uF
Added Member To Class: ClassName=Sheet1 Member=Component C4 Cap
Added Member To Class: ClassName=Sheet1 Member=Component C5 Cap
Added Member To Class: ClassName=Sheet1 Member=Component C6 Cap
Added Member To Class: ClassName=Sheet1 Member=Component C7 10uF
Added Member To Class: ClassName=Sheet1 Member=Component C8 Cap
Added Member To Class: ClassName=Sheet1 Member=Component C9 Cap
Added Member To Class: ClassName=Sheet1 Member=Component C10 Cap
Added Member To Class: ClassName=Sheet1 Member=Component C11 Cap
Added Member To Class: ClassName=Sheet1 Member=Component C12 10uF
Added Member To Class: ClassName=Sheet1 Member=Component C13 Cap
Added Member To Class: ClassName=Sheet1 Member=Component C14 Cap
Added Member To Class: ClassName=Sheet1 Member=Component C15 Cap
Added Member To Class: ClassName=Sheet1 Member=Component C16 Cap
Added Member To Class: ClassName=Sheet1 Member=Component C17 Cap
Added Member To Class: ClassName=Sheet1 Member=Component C18 Cap
Added Member To Class: ClassName=Sheet1 Member=Component C19 Cap
Added Member To Class: ClassName=Sheet1 Member=Component C20 Cap
Added Member To Class: ClassName=Sheet1 Member=Component C21 Cap
Added Member To Class: ClassName=Sheet1 Member=Component C22 Cap
Added Member To Class: ClassName=Sheet1 Member=Component C23 10uF
Added Member To Class: ClassName=Sheet1 Member=Component C24 Cap
Added Member To Class: ClassName=Sheet1 Member=Component C25 Cap
Added Member To Class: ClassName=Sheet1 Member=Component C26 Cap
Added Member To Class: ClassName=Sheet1 Member=Component C27 6.8uF
Added Member To Class: ClassName=Sheet1 Member=Component C28 Cap
Added Member To Class: ClassName=Sheet1 Member=Component C29 Cap
Added Member To Class: ClassName=Sheet1 Member=Component C30 Cap
Added Member To Class: ClassName=Sheet1 Member=Component C31 Cap
Added Member To Class: ClassName=Sheet1 Member=Component C32 Cap
Added Member To Class: ClassName=Sheet1 Member=Component C33 Cap
Added Member To Class: ClassName=Sheet1 Member=Component C34 10uF
Added Member To Class: ClassName=Sheet1 Member=Component C35 Cap
Added Member To Class: ClassName=Sheet1 Member=Component C36 Cap
Added Member To Class: ClassName=Sheet1 Member=Component C37 10uF
Added Member To Class: ClassName=Sheet1 Member=Component C38 Cap
Added Member To Class: ClassName=Sheet1 Member=Component C39 10uF
Added Member To Class: ClassName=Sheet1 Member=Component C40 Cap
Added Member To Class: ClassName=Sheet1 Member=Component C41 Cap
Added Member To Class: ClassName=Sheet1 Member=Component C42 Cap
Added Member To Class: ClassName=Sheet1 Member=Component C43 Cap
Added Member To Class: ClassName=Sheet1 Member=Component C44 10uF
Added Member To Class: ClassName=Sheet1 Member=Component C45 Cap
Added Member To Class: ClassName=Sheet1 Member=Component C46 Cap
Added Member To Class: ClassName=Sheet1 Member=Component C47 10uF
Added Member To Class: ClassName=Sheet1 Member=Component C48 Cap
Added Member To Class: ClassName=Sheet1 Member=Component C49 4.7uF
Added Member To Class: ClassName=Sheet1 Member=Component C50 4.7uF
Added Member To Class: ClassName=Sheet1 Member=Component C51 Cap
Added Member To Class: ClassName=Sheet1 Member=Component C52 Cap
Added Member To Class: ClassName=Sheet1 Member=Component C53 Cap
Added Member To Class: ClassName=Sheet1 Member=Component C54 Cap
Added Member To Class: ClassName=Sheet1 Member=Component C55 Cap
Added Member To Class: ClassName=Sheet1 Member=Component C56 0.1uf
Added Member To Class: ClassName=Sheet1 Member=Component C57 0.01uF
Added Member To Class: ClassName=Sheet1 Member=Component C58 0.1uf
Added Member To Class: ClassName=Sheet1 Member=Component C59 0.01uF
Added Member To Class: ClassName=Sheet1 Member=Component C60 Cap
Added Member To Class: ClassName=Sheet1 Member=Component C61 0.1uf
Added Member To Class: ClassName=Sheet1 Member=Component C62 10uF
Added Member To Class: ClassName=Sheet1 Member=Component C63 Cap
Added Member To Class: ClassName=Sheet1 Member=Component C64 0.01uF
Added Member To Class: ClassName=Sheet1 Member=Component C65 Cap
Added Member To Class: ClassName=Sheet1 Member=Component C66 0.1uf
Added Member To Class: ClassName=Sheet1 Member=Component C67 0.01uF
Added Member To Class: ClassName=Sheet1 Member=Component C68 0.1uf
Added Member To Class: ClassName=Sheet1 Member=Component C69 Cap
Added Member To Class: ClassName=Sheet1 Member=Component C70 Cap
Added Member To Class: ClassName=Sheet1 Member=Component C71 0.1uf
Added Member To Class: ClassName=Sheet1 Member=Component C72 0.01uF
Added Member To Class: ClassName=Sheet1 Member=Component C73 0.1uf
Added Member To Class: ClassName=Sheet1 Member=Component C74 0.01uF
Added Member To Class: ClassName=Sheet1 Member=Component C75 0.1uf
Added Member To Class: ClassName=Sheet1 Member=Component C76 0.01uF
Added Member To Class: ClassName=Sheet1 Member=Component C77 0.1uf
Added Member To Class: ClassName=Sheet1 Member=Component C78 0.01uF
Added Member To Class: ClassName=Sheet1 Member=Component C79 10uF
Added Member To Class: ClassName=Sheet1 Member=Component C80 Cap
Added Member To Class: ClassName=Sheet1 Member=Component C81 Cap
Added Member To Class: ClassName=Sheet1 Member=Component C82 104
Added Member To Class: ClassName=Sheet1 Member=Component C83 104
Added Member To Class: ClassName=Sheet1 Member=Component C84 104
Added Member To Class: ClassName=Sheet1 Member=Component C85 104
Added Member To Class: ClassName=Sheet1 Member=Component C86 Cap
Added Member To Class: ClassName=Sheet1 Member=Component C87 Cap
Added Member To Class: ClassName=Sheet1 Member=Component C88 Cap
Added Member To Class: ClassName=Sheet1 Member=Component C89 Cap
Added Member To Class: ClassName=Sheet1 Member=Component C90 Cap
Added Member To Class: ClassName=Sheet1 Member=Component C91 Cap
Added Member To Class: ClassName=Sheet1 Member=Component C92 Cap
Added Member To Class: ClassName=Sheet1 Member=Component C93 Cap
Added Member To Class: ClassName=Sheet1 Member=Component C94 Cap
Added Member To Class: ClassName=Sheet1 Member=Component C95 Cap
Added Member To Class: ClassName=Sheet1 Member=Component C96 Cap
Added Member To Class: ClassName=Sheet1 Member=Component C97 Cap
Added Member To Class: ClassName=Sheet1 Member=Component C98 Cap
Added Member To Class: ClassName=Sheet1 Member=Component C99 Cap
Added Member To Class: ClassName=Sheet1 Member=Component C100 Cap
Added Member To Class: ClassName=Sheet1 Member=Component C101 Cap
Added Member To Class: ClassName=Sheet1 Member=Component C102 Cap
Added Member To Class: ClassName=Sheet1 Member=Component C103 Cap
Added Member To Class: ClassName=Sheet1 Member=Component C104 Cap
Added Member To Class: ClassName=Sheet1 Member=Component C105 Cap
Added Member To Class: ClassName=Sheet1 Member=Component C106 Cap
Added Member To Class: ClassName=Sheet1 Member=Component C107 Cap
Added Member To Class: ClassName=Sheet1 Member=Component C108 Cap
Added Member To Class: ClassName=Sheet1 Member=Component C109 Cap
Added Member To Class: ClassName=Sheet1 Member=Component C110 Cap
Added Member To Class: ClassName=Sheet1 Member=Component C111 Cap
Added Member To Class: ClassName=Sheet1 Member=Component C112 Cap
Added Member To Class: ClassName=Sheet1 Member=Component C113 Cap
Added Member To Class: ClassName=Sheet1 Member=Component C114 Cap
Added Member To Class: ClassName=Sheet1 Member=Component C115 Cap
Added Member To Class: ClassName=Sheet1 Member=Component C116 Cap
Added Member To Class: ClassName=Sheet1 Member=Component C117 Cap
Added Member To Class: ClassName=Sheet1 Member=Component C118 Cap
Added Member To Class: ClassName=Sheet1 Member=Component C119 Cap
Added Member To Class: ClassName=Sheet1 Member=Component C120 Cap
Added Member To Class: ClassName=Sheet1 Member=Component C121 Cap
Added Member To Class: ClassName=Sheet1 Member=Component C122 Cap
Added Member To Class: ClassName=Sheet1 Member=Component C123 Cap
Added Member To Class: ClassName=Sheet1 Member=Component C124 Cap
Added Member To Class: ClassName=Sheet1 Member=Component C125 Cap
Added Member To Class: ClassName=Sheet1 Member=Component C126 Cap
Added Member To Class: ClassName=Sheet1 Member=Component C127 Cap
Added Member To Class: ClassName=Sheet1 Member=Component C128 Cap
Added Member To Class: ClassName=Sheet1 Member=Component C129 Cap
Added Member To Class: ClassName=Sheet1 Member=Component C130 Cap
Added Member To Class: ClassName=Sheet1 Member=Component D1 LED1
Added Member To Class: ClassName=Sheet1 Member=Component D2 LED1
Added Member To Class: ClassName=Sheet1 Member=Component D3 LED0
Added Member To Class: ClassName=Sheet1 Member=Component D4 LED0
Added Member To Class: ClassName=Sheet1 Member=Component D5 LED1
Added Member To Class: ClassName=Sheet1 Member=Component J1 PWR2.5
Added Member To Class: ClassName=Sheet1 Member=Component J2 COAX-F
Added Member To Class: ClassName=Sheet1 Member=Component J3 COAX-F
Added Member To Class: ClassName=Sheet1 Member=Component K1 BUTTON
Added Member To Class: ClassName=Sheet1 Member=Component L1 Inductor Iron
Added Member To Class: ClassName=Sheet1 Member=Component L2 4.7uH
Added Member To Class: ClassName=Sheet1 Member=Component L3 0
Added Member To Class: ClassName=Sheet1 Member=Component L4 0
Added Member To Class: ClassName=Sheet1 Member=Component L5 0
Added Member To Class: ClassName=Sheet1 Member=Component L6 0
Added Member To Class: ClassName=Sheet1 Member=Component L7 33nH
Added Member To Class: ClassName=Sheet1 Member=Component L8 33nH
Added Member To Class: ClassName=Sheet1 Member=Component L9 33nH
Added Member To Class: ClassName=Sheet1 Member=Component L10 33nH
Added Member To Class: ClassName=Sheet1 Member=Component L11 Inductor Iron
Added Member To Class: ClassName=Sheet1 Member=Component L12 47nH
Added Member To Class: ClassName=Sheet1 Member=Component L13 47nH
Added Member To Class: ClassName=Sheet1 Member=Component L14 33nH
Added Member To Class: ClassName=Sheet1 Member=Component L15 33nH
Added Member To Class: ClassName=Sheet1 Member=Component L16 Inductor Iron
Added Member To Class: ClassName=Sheet1 Member=Component L17 Inductor Iron
Added Member To Class: ClassName=Sheet1 Member=Component L18 Inductor Iron
Added Member To Class: ClassName=Sheet1 Member=Component L19 Inductor Iron
Added Member To Class: ClassName=Sheet1 Member=Component L20 Inductor Iron
Added Member To Class: ClassName=Sheet1 Member=Component L21 Inductor Iron
Added Member To Class: ClassName=Sheet1 Member=Component L22 82nH
Added Member To Class: ClassName=Sheet1 Member=Component L23 Inductor Iron
Added Member To Class: ClassName=Sheet1 Member=Component L24 Inductor Iron
Added Member To Class: ClassName=Sheet1 Member=Component L25 Inductor
Added Member To Class: ClassName=Sheet1 Member=Component LL1 Trans CT
Added Member To Class: ClassName=Sheet1 Member=Component LL2 Trans CT
Added Member To Class: ClassName=Sheet1 Member=Component P1 Header 2
Added Member To Class: ClassName=Sheet1 Member=Component P2 Header 5X2
Added Member To Class: ClassName=Sheet1 Member=Component P3 Header 3
Added Member To Class: ClassName=Sheet1 Member=Component P4 Header 5X2
Added Member To Class: ClassName=Sheet1 Member=Component P5 Header 4
Added Member To Class: ClassName=Sheet1 Member=Component P6 TFT2.4
Added Member To Class: ClassName=Sheet1 Member=Component P7 Header 2
Added Member To Class: ClassName=Sheet1 Member=Component PP1 Header 4
Added Member To Class: ClassName=Sheet1 Member=Component PP2 Header 4
Added Member To Class: ClassName=Sheet1 Member=Component R1 115
Added Member To Class: ClassName=Sheet1 Member=Component R2 634
Added Member To Class: ClassName=Sheet1 Member=Component R3 115
Added Member To Class: ClassName=Sheet1 Member=Component R4 634
Added Member To Class: ClassName=Sheet1 Member=Component R5 115
Added Member To Class: ClassName=Sheet1 Member=Component R6 634
Added Member To Class: ClassName=Sheet1 Member=Component R7 115
Added Member To Class: ClassName=Sheet1 Member=Component R8 634
Added Member To Class: ClassName=Sheet1 Member=Component R9 10K
Added Member To Class: ClassName=Sheet1 Member=Component R10 10K
Added Member To Class: ClassName=Sheet1 Member=Component R11 51
Added Member To Class: ClassName=Sheet1 Member=Component R12 22
Added Member To Class: ClassName=Sheet1 Member=Component R13 22
Added Member To Class: ClassName=Sheet1 Member=Component R14 22
Added Member To Class: ClassName=Sheet1 Member=Component R15 22
Added Member To Class: ClassName=Sheet1 Member=Component R16 4.7K
Added Member To Class: ClassName=Sheet1 Member=Component R17 10K
Added Member To Class: ClassName=Sheet1 Member=Component R18 60.4
Added Member To Class: ClassName=Sheet1 Member=Component R19 60.4
Added Member To Class: ClassName=Sheet1 Member=Component R20 60.4
Added Member To Class: ClassName=Sheet1 Member=Component R21 60.4
Added Member To Class: ClassName=Sheet1 Member=Component R22 12
Added Member To Class: ClassName=Sheet1 Member=Component R23 90.9
Added Member To Class: ClassName=Sheet1 Member=Component R24 90.9
Added Member To Class: ClassName=Sheet1 Member=Component R25 51K
Added Member To Class: ClassName=Sheet1 Member=Component R26 0
Added Member To Class: ClassName=Sheet1 Member=Component R27 0
Added Member To Class: ClassName=Sheet1 Member=Component R28 0
Added Member To Class: ClassName=Sheet1 Member=Component R29 0
Added Member To Class: ClassName=Sheet1 Member=Component R30 0
Added Member To Class: ClassName=Sheet1 Member=Component R31 2.5K
Added Member To Class: ClassName=Sheet1 Member=Component R32 4.3K
Added Member To Class: ClassName=Sheet1 Member=Component R33 0
Added Member To Class: ClassName=Sheet1 Member=Component R34 0
Added Member To Class: ClassName=Sheet1 Member=Component R35 0
Added Member To Class: ClassName=Sheet1 Member=Component R36 10K
Added Member To Class: ClassName=Sheet1 Member=Component R37 10K
Added Member To Class: ClassName=Sheet1 Member=Component R38 10K
Added Member To Class: ClassName=Sheet1 Member=Component R39 10K
Added Member To Class: ClassName=Sheet1 Member=Component R40 10K
Added Member To Class: ClassName=Sheet1 Member=Component R41 10K
Added Member To Class: ClassName=Sheet1 Member=Component R42 120
Added Member To Class: ClassName=Sheet1 Member=Component R43 10K
Added Member To Class: ClassName=Sheet1 Member=Component R44 10K
Added Member To Class: ClassName=Sheet1 Member=Component R45 1K
Added Member To Class: ClassName=Sheet1 Member=Component R46 22
Added Member To Class: ClassName=Sheet1 Member=Component R47 22
Added Member To Class: ClassName=Sheet1 Member=Component R48 1K
Added Member To Class: ClassName=Sheet1 Member=Component R49 22
Added Member To Class: ClassName=Sheet1 Member=Component R50 22
Added Member To Class: ClassName=Sheet1 Member=Component R51 22
Added Member To Class: ClassName=Sheet1 Member=Component R52 22
Added Member To Class: ClassName=Sheet1 Member=Component R53 22
Added Member To Class: ClassName=Sheet1 Member=Component R54 10
Added Member To Class: ClassName=Sheet1 Member=Component R55 10K
Added Member To Class: ClassName=Sheet1 Member=Component R56 1K
Added Member To Class: ClassName=Sheet1 Member=Component R57 10K
Added Member To Class: ClassName=Sheet1 Member=Component R58 10K
Added Member To Class: ClassName=Sheet1 Member=Component R59 10K
Added Member To Class: ClassName=Sheet1 Member=Component R60 200
Added Member To Class: ClassName=Sheet1 Member=Component R61 10K
Added Member To Class: ClassName=Sheet1 Member=Component R62 1M
Added Member To Class: ClassName=Sheet1 Member=Component R63 22
Added Member To Class: ClassName=Sheet1 Member=Component R64 1K
Added Member To Class: ClassName=Sheet1 Member=Component RN1 RES*4
Added Member To Class: ClassName=Sheet1 Member=Component RN2 RES*4
Added Member To Class: ClassName=Sheet1 Member=Component RN3 RES*4
Added Member To Class: ClassName=Sheet1 Member=Component RN4 RES*4
Added Member To Class: ClassName=Sheet1 Member=Component RN5 RES*4
Added Member To Class: ClassName=Sheet1 Member=Component RN6 RES*4
Added Member To Class: ClassName=Sheet1 Member=Component RN7 RES*4
Added Member To Class: ClassName=Sheet1 Member=Component RN8 RES*4
Added Member To Class: ClassName=Sheet1 Member=Component T1 SPX293300T_5.0
Added Member To Class: ClassName=Sheet1 Member=Component T2 SPX29300T_3.3
Added Member To Class: ClassName=Sheet1 Member=Component T3 ASM1117_1_2
Added Member To Class: ClassName=Sheet1 Member=Component T4 1117_1_8
Added Member To Class: ClassName=Sheet1 Member=Component U1 ADF4360
Added Member To Class: ClassName=Sheet1 Member=Component U2 TRF370333
Added Member To Class: ClassName=Sheet1 Member=Component U3 SBB_5089
Added Member To Class: ClassName=Sheet1 Member=Component U4 EP2C8Q208C8
Added Member To Class: ClassName=Sheet1 Member=Component U5 DAC5687-X
Added Member To Class: ClassName=Sheet1 Member=Component U6 EPCS4SI8N
Added Member To Class: ClassName=Sheet1 Member=Component U7 STM32F101V8T6
Added Member To Class: ClassName=Sheet1 Member=Component Y1 TCXO
Added Member To Class: ClassName=Sheet1 Member=Component Y2 8M
Added Room: Name=Sheet1
