Removed Pin From Net: NetName=VCC3_3 Pin=C62-1
Removed Pin From Net: NetName=GND Pin=C62-2
Removed Pin From Net: NetName=VCC1_8 Pin=C79-1
Removed Pin From Net: NetName=GND Pin=C79-2
Removed Member From Class: ClassName=Sheet1 Member=C62
Removed Member From Class: ClassName=Sheet1 Member=C62
Removed Member From Class: ClassName=Sheet1 Member=C62
Removed Member From Class: ClassName=Sheet1 Member=C62
Removed Member From Class: ClassName=Sheet1 Member=C62
Removed Member From Class: ClassName=Sheet1 Member=C62
Removed Member From Class: ClassName=Sheet1 Member=C62
Removed Member From Class: ClassName=Sheet1 Member=C79
Removed Member From Class: ClassName=Sheet1 Member=C79
Removed Member From Class: ClassName=Sheet1 Member=C79
Removed Member From Class: ClassName=Sheet1 Member=C79
Removed Member From Class: ClassName=Sheet1 Member=C79
Removed Member From Class: ClassName=Sheet1 Member=C79
Removed Member From Class: ClassName=Sheet1 Member=C79
Change Component Footprint: Designator=C56 Old Footprint=0805C New Footprint=0603
Change Component Footprint: Designator=C57 Old Footprint=0805C New Footprint=0603
Change Component Footprint: Designator=C58 Old Footprint=0805C New Footprint=0603
Change Component Footprint: Designator=C59 Old Footprint=0805C New Footprint=0603
Change Component Footprint: Designator=C61 Old Footprint=0805C New Footprint=0603
Change Component Footprint: Designator=C64 Old Footprint=0805C New Footprint=0603
Change Component Footprint: Designator=C66 Old Footprint=0805C New Footprint=0603
Change Component Footprint: Designator=C67 Old Footprint=0805C New Footprint=0603
Change Component Footprint: Designator=C68 Old Footprint=0805C New Footprint=0603
Change Component Footprint: Designator=C71 Old Footprint=0805C New Footprint=0603
Change Component Footprint: Designator=C72 Old Footprint=0805C New Footprint=0603
Change Component Footprint: Designator=C73 Old Footprint=0805C New Footprint=0603
Change Component Footprint: Designator=C74 Old Footprint=0805C New Footprint=0603
Change Component Footprint: Designator=C75 Old Footprint=0805C New Footprint=0603
Change Component Footprint: Designator=C76 Old Footprint=0805C New Footprint=0603
Change Component Footprint: Designator=C77 Old Footprint=0805C New Footprint=0603
Change Component Footprint: Designator=C78 Old Footprint=0805C New Footprint=0603
Added Room: Name=Sheet1
