Change Component Designator: Old Designator=C4 New Designator=C5
Change Component Designator: Old Designator=C5 New Designator=C6
Change Component Designator: Old Designator=C6 New Designator=C7
Change Component Designator: Old Designator=C7 New Designator=C8
Change Component Designator: Old Designator=C8 New Designator=C10
Change Component Designator: Old Designator=C9 New Designator=C13
Change Component Designator: Old Designator=C10 New Designator=C15
Change Component Designator: Old Designator=C11 New Designator=C16
Change Component Designator: Old Designator=C12 New Designator=C19
Change Component Designator: Old Designator=C13 New Designator=C20
Change Component Designator: Old Designator=C14 New Designator=C21
Change Component Designator: Old Designator=C15 New Designator=C22
Change Component Designator: Old Designator=C16 New Designator=C4
Change Component Designator: Old Designator=C17 New Designator=C23
Change Component Designator: Old Designator=C18 New Designator=C26
Change Component Designator: Old Designator=C19 New Designator=C9
Change Component Designator: Old Designator=C20 New Designator=C27
Change Component Designator: Old Designator=C21 New Designator=C11
Change Component Designator: Old Designator=C22 New Designator=C12
Change Component Designator: Old Designator=C23 New Designator=C14
Change Component Designator: Old Designator=C24 New Designator=C17
Change Component Designator: Old Designator=C25 New Designator=C18
Change Component Designator: Old Designator=C26 New Designator=C24
Change Component Designator: Old Designator=C27 New Designator=C25
Change Component Designator: Old Designator=C28 New Designator=C34
Change Component Designator: Old Designator=C29 New Designator=C35
Change Component Designator: Old Designator=C30 New Designator=C28
Change Component Designator: Old Designator=C31 New Designator=C36
Change Component Designator: Old Designator=C32 New Designator=C38
Change Component Designator: Old Designator=C33 New Designator=C29
Change Component Designator: Old Designator=C34 New Designator=C30
Change Component Designator: Old Designator=C35 New Designator=C31
Change Component Designator: Old Designator=C36 New Designator=C39
Change Component Designator: Old Designator=C37 New Designator=C40
Change Component Designator: Old Designator=C38 New Designator=C41
Change Component Designator: Old Designator=C39 New Designator=C42
Change Component Designator: Old Designator=C40 New Designator=C43
Change Component Designator: Old Designator=C41 New Designator=C32
Change Component Designator: Old Designator=C42 New Designator=C44
Change Component Designator: Old Designator=C43 New Designator=C45
Change Component Designator: Old Designator=C44 New Designator=C46
Change Component Designator: Old Designator=C45 New Designator=C47
Change Component Designator: Old Designator=C46 New Designator=C48
Change Component Designator: Old Designator=C47 New Designator=C49
Change Component Designator: Old Designator=C48 New Designator=C33
Change Component Designator: Old Designator=C49 New Designator=C51
Change Component Designator: Old Designator=C50 New Designator=C37
Change Component Designator: Old Designator=C51 New Designator=C55
Change Component Designator: Old Designator=C52 New Designator=C56
Change Component Designator: Old Designator=C53 New Designator=C57
Change Component Designator: Old Designator=C54 New Designator=C58
Change Component Designator: Old Designator=C55 New Designator=C59
Change Component Designator: Old Designator=C56 New Designator=C60
Change Component Designator: Old Designator=C57 New Designator=C61
Change Component Designator: Old Designator=C58 New Designator=C62
Change Component Designator: Old Designator=C59 New Designator=C63
Change Component Designator: Old Designator=C60 New Designator=C64
Change Component Designator: Old Designator=C61 New Designator=C65
Change Component Designator: Old Designator=C62 New Designator=C66
Change Component Designator: Old Designator=C63 New Designator=C67
Change Component Designator: Old Designator=C64 New Designator=C68
Change Component Designator: Old Designator=C65 New Designator=C69
Change Component Designator: Old Designator=C66 New Designator=C70
Change Component Designator: Old Designator=C67 New Designator=C71
Change Component Designator: Old Designator=C68 New Designator=C72
Change Component Designator: Old Designator=C69 New Designator=C73
Change Component Designator: Old Designator=C70 New Designator=C74
Change Component Designator: Old Designator=C71 New Designator=C75
Change Component Designator: Old Designator=C72 New Designator=C76
Change Component Designator: Old Designator=C73 New Designator=C77
Change Component Designator: Old Designator=C74 New Designator=C78
Change Component Designator: Old Designator=C75 New Designator=C79
Change Component Designator: Old Designator=C76 New Designator=C80
Change Component Designator: Old Designator=C77 New Designator=C81
Change Component Designator: Old Designator=C78 New Designator=C82
Change Component Designator: Old Designator=C79 New Designator=C83
Change Component Designator: Old Designator=C80 New Designator=C84
Change Component Designator: Old Designator=C81 New Designator=C85
Change Component Designator: Old Designator=C82 New Designator=C86
Change Component Designator: Old Designator=C83 New Designator=C87
Change Component Designator: Old Designator=C84 New Designator=C88
Change Component Designator: Old Designator=C85 New Designator=C89
Change Component Designator: Old Designator=C86 New Designator=C90
Change Component Designator: Old Designator=C87 New Designator=C91
Change Component Designator: Old Designator=C88 New Designator=C92
Change Component Designator: Old Designator=C89 New Designator=C93
Change Component Designator: Old Designator=C90 New Designator=C94
Change Component Designator: Old Designator=C91 New Designator=C95
Change Component Designator: Old Designator=C92 New Designator=C96
Change Component Designator: Old Designator=C93 New Designator=C97
Change Component Designator: Old Designator=C94 New Designator=C98
Change Component Designator: Old Designator=C95 New Designator=C99
Change Component Designator: Old Designator=C96 New Designator=C100
Change Component Designator: Old Designator=C97 New Designator=C101
Change Component Designator: Old Designator=C98 New Designator=C102
Change Component Designator: Old Designator=C99 New Designator=C103
Change Component Designator: Old Designator=C100 New Designator=C104
Change Component Designator: Old Designator=C101 New Designator=C105
Change Component Designator: Old Designator=C102 New Designator=C106
Change Component Designator: Old Designator=C103 New Designator=C107
Change Component Designator: Old Designator=C104 New Designator=C108
Change Component Designator: Old Designator=C105 New Designator=C109
Change Component Designator: Old Designator=C106 New Designator=C110
Change Component Designator: Old Designator=C107 New Designator=C111
Change Component Designator: Old Designator=C108 New Designator=C112
Change Component Designator: Old Designator=C109 New Designator=C113
Change Component Designator: Old Designator=C110 New Designator=C114
Change Component Designator: Old Designator=C111 New Designator=C115
Change Component Designator: Old Designator=C112 New Designator=C116
Change Component Designator: Old Designator=C113 New Designator=C117
Change Component Designator: Old Designator=C114 New Designator=C118
Change Component Designator: Old Designator=C115 New Designator=C119
Change Component Designator: Old Designator=C116 New Designator=C120
Change Component Designator: Old Designator=C117 New Designator=C121
Change Component Designator: Old Designator=C118 New Designator=C122
Change Component Designator: Old Designator=C119 New Designator=C123
Change Component Designator: Old Designator=C120 New Designator=C124
Change Component Designator: Old Designator=C121 New Designator=C125
Change Component Designator: Old Designator=C122 New Designator=C126
Change Component Designator: Old Designator=C123 New Designator=C127
Change Component Designator: Old Designator=C124 New Designator=C128
Change Component Designator: Old Designator=C125 New Designator=C129
Change Component Designator: Old Designator=C126 New Designator=C130
Change Component Designator: Old Designator=C127 New Designator=C131
Change Component Designator: Old Designator=C? New Designator=C50
Change Component Designator: Old Designator=C? New Designator=C52
Change Component Designator: Old Designator=C? New Designator=C53
Change Component Designator: Old Designator=C? New Designator=C54
Change Component Designator: Old Designator=C£¿ New Designator=C£¿1
Change Component Designator: Old Designator=J£¿ New Designator=J£¿1
Change Component Designator: Old Designator=L11 New Designator=L16
Change Component Designator: Old Designator=L12 New Designator=L15
Change Component Designator: Old Designator=L13 New Designator=L11
Change Component Designator: Old Designator=L14 New Designator=L12
Change Component Designator: Old Designator=L15 New Designator=L14
Change Component Designator: Old Designator=L16 New Designator=L13
Change Component Designator: Old Designator=L23 New Designator=L24
Change Component Designator: Old Designator=L24 New Designator=L25
Change Component Designator: Old Designator=L25 New Designator=L26
Change Component Designator: Old Designator=L? New Designator=L23
Change Component Designator: Old Designator=LL£¿ New Designator=LL£¿1
Change Component Designator: Old Designator=L£¿ New Designator=L£¿1
Change Component Designator: Old Designator=R9 New Designator=R18
Change Component Designator: Old Designator=R10 New Designator=R19
Change Component Designator: Old Designator=R11 New Designator=R20
Change Component Designator: Old Designator=R12 New Designator=R21
Change Component Designator: Old Designator=R13 New Designator=R22
Change Component Designator: Old Designator=R14 New Designator=R23
Change Component Designator: Old Designator=R15 New Designator=R24
Change Component Designator: Old Designator=R16 New Designator=R9
Change Component Designator: Old Designator=R17 New Designator=R10
Change Component Designator: Old Designator=R18 New Designator=R25
Change Component Designator: Old Designator=R19 New Designator=R26
Change Component Designator: Old Designator=R20 New Designator=R27
Change Component Designator: Old Designator=R21 New Designator=R28
Change Component Designator: Old Designator=R22 New Designator=R29
Change Component Designator: Old Designator=R23 New Designator=R11
Change Component Designator: Old Designator=R24 New Designator=R12
Change Component Designator: Old Designator=R25 New Designator=R13
Change Component Designator: Old Designator=R26 New Designator=R14
Change Component Designator: Old Designator=R27 New Designator=R15
Change Component Designator: Old Designator=R28 New Designator=R16
Change Component Designator: Old Designator=R29 New Designator=R17
Change Component Designator: Old Designator=R30 New Designator=R32
Change Component Designator: Old Designator=R31 New Designator=R30
Change Component Designator: Old Designator=R32 New Designator=R31
Change Component Designator: Old Designator=R35 New Designator=R38
Change Component Designator: Old Designator=R36 New Designator=R39
Change Component Designator: Old Designator=R37 New Designator=R40
Change Component Designator: Old Designator=R38 New Designator=R41
Change Component Designator: Old Designator=R39 New Designator=R42
Change Component Designator: Old Designator=R40 New Designator=R43
Change Component Designator: Old Designator=R41 New Designator=R44
Change Component Designator: Old Designator=R42 New Designator=R45
Change Component Designator: Old Designator=R43 New Designator=R46
Change Component Designator: Old Designator=R44 New Designator=R47
Change Component Designator: Old Designator=R45 New Designator=R48
Change Component Designator: Old Designator=R46 New Designator=R49
Change Component Designator: Old Designator=R47 New Designator=R50
Change Component Designator: Old Designator=R48 New Designator=R51
Change Component Designator: Old Designator=R49 New Designator=R52
Change Component Designator: Old Designator=R50 New Designator=R53
Change Component Designator: Old Designator=R51 New Designator=R54
Change Component Designator: Old Designator=R52 New Designator=R55
Change Component Designator: Old Designator=R53 New Designator=R56
Change Component Designator: Old Designator=R54 New Designator=R57
Change Component Designator: Old Designator=R55 New Designator=R58
Change Component Designator: Old Designator=R56 New Designator=R59
Change Component Designator: Old Designator=R57 New Designator=R60
Change Component Designator: Old Designator=R58 New Designator=R61
Change Component Designator: Old Designator=R59 New Designator=R62
Change Component Designator: Old Designator=R60 New Designator=R63
Change Component Designator: Old Designator=R61 New Designator=R64
Change Component Designator: Old Designator=R62 New Designator=R65
Change Component Designator: Old Designator=R63 New Designator=R66
Change Component Designator: Old Designator=R? New Designator=R35
Change Component Designator: Old Designator=R? New Designator=R36
Change Component Designator: Old Designator=R? New Designator=R37
Change Component Designator: Old Designator=U1 New Designator=U2
Change Component Designator: Old Designator=U2 New Designator=U1
Change Component Designator: Old Designator=U3 New Designator=U4
Change Component Designator: Old Designator=U3 New Designator=U4
Change Component Designator: Old Designator=U3 New Designator=U4
Change Component Designator: Old Designator=U3 New Designator=U4
Change Component Designator: Old Designator=U3 New Designator=U4
Change Component Designator: Old Designator=U3 New Designator=U4
Change Component Designator: Old Designator=U3 New Designator=U4
Change Component Designator: Old Designator=U3 New Designator=U4
Change Component Designator: Old Designator=U3 New Designator=U4
Change Component Designator: Old Designator=U4 New Designator=U5
Change Component Designator: Old Designator=U5 New Designator=U6
Change Component Designator: Old Designator=U6 New Designator=U7
Change Component Designator: Old Designator=U? New Designator=U3
